#
# There is insufficient memory for the Java Runtime Environment to continue.
# Native memory allocation (malloc) failed to allocate 222656 bytes. Error detail: Chunk::new
# Possible reasons:
#   The system is out of physical RAM or swap space
#   This process is running with CompressedOops enabled, and the Java Heap may be blocking the growth of the native heap
# Possible solutions:
#   Reduce memory load on the system
#   Increase physical memory or swap space
#   Check if swap backing store is full
#   Decrease Java heap size (-Xmx/-Xms)
#   Decrease number of Java threads
#   Decrease Java thread stack sizes (-Xss)
#   Set larger code cache with -XX:ReservedCodeCacheSize=
#   JVM is running with Unscaled Compressed Oops mode in which the Java heap is
#     placed in the first 4GB address space. The Java Heap base address is the
#     maximum limit for the native heap growth. Please use -XX:HeapBaseMinAddress
#     to set the Java Heap base and to place the Java Heap above 4GB virtual address.
# This output file may be truncated or incomplete.
#
#  Out of Memory Error (arena.cpp:191), pid=2064, tid=3812
#
# JRE version: OpenJDK Runtime Environment Microsoft-9388408 (17.0.11+9) (build 17.0.11+9-LTS)
# Java VM: OpenJDK 64-Bit Server VM Microsoft-9388408 (17.0.11+9-LTS, mixed mode, sharing, tiered, compressed oops, compressed class ptrs, g1 gc, windows-amd64)
# No core dump will be written. Minidumps are not enabled by default on client versions of Windows
#

---------------  S U M M A R Y ------------

Command Line: org.jetbrains.kotlin.cli.jvm.K2JVMCompiler @E:\servicei\myapp\node_modules\react-native-screens\android\build\20240626_15528735286459871555.compiler.options

Host: Intel(R) Core(TM) i5-3470 CPU @ 3.20GHz, 4 cores, 7G,  Windows 10 , 64 bit Build 19041 (10.0.19041.3636)
Time: Wed Jun 26 18:59:41 2024 India Standard Time elapsed time: 4.204683 seconds (0d 0h 0m 4s)

---------------  T H R E A D  ---------------

Current thread (0x0000023e7e78a750):  JavaThread "C2 CompilerThread0" daemon [_thread_in_native, id=3812, stack(0x0000005778600000,0x0000005778700000)]


Current CompileTask:
C2:   4204 1302       4       java.util.zip.ZipFile::getZipEntry (322 bytes)

Stack: [0x0000005778600000,0x0000005778700000]
Native frames: (J=compiled Java code, j=interpreted, Vv=VM code, C=native code)
V  [jvm.dll+0x67f6d9]
V  [jvm.dll+0x83773a]
V  [jvm.dll+0x8391fe]
V  [jvm.dll+0x839863]
V  [jvm.dll+0x247fbf]
V  [jvm.dll+0xac544]
V  [jvm.dll+0xacb8c]
V  [jvm.dll+0x3688a7]
V  [jvm.dll+0x332e1a]
V  [jvm.dll+0x3322ba]
V  [jvm.dll+0x21a5d1]
V  [jvm.dll+0x219a11]
V  [jvm.dll+0x1a5396]
V  [jvm.dll+0x2297cd]
V  [jvm.dll+0x22799c]
V  [jvm.dll+0x7ec8b7]
V  [jvm.dll+0x7e6cba]
V  [jvm.dll+0x67e5c5]
C  [ucrtbase.dll+0x21bb2]
C  [KERNEL32.DLL+0x17344]
C  [ntdll.dll+0x4cc91]


---------------  P R O C E S S  ---------------

Threads class SMR info:
_java_thread_list=0x0000023e58cf6fa0, length=13, elements={
0x0000023e73ea1bb0, 0x0000023e7e76bf30, 0x0000023e7e76cbb0, 0x0000023e7e781cc0,
0x0000023e7e782d50, 0x0000023e7e788890, 0x0000023e7e789250, 0x0000023e7e78a750,
0x0000023e7e78d160, 0x0000023e7e7c0230, 0x0000023e580b4010, 0x0000023e580bcfa0,
0x0000023e58fdba10
}

Java Threads: ( => current thread )
  0x0000023e73ea1bb0 JavaThread "main" [_thread_in_native, id=10652, stack(0x0000005777900000,0x0000005777a00000)]
  0x0000023e7e76bf30 JavaThread "Reference Handler" daemon [_thread_blocked, id=16380, stack(0x0000005778000000,0x0000005778100000)]
  0x0000023e7e76cbb0 JavaThread "Finalizer" daemon [_thread_blocked, id=15924, stack(0x0000005778100000,0x0000005778200000)]
  0x0000023e7e781cc0 JavaThread "Signal Dispatcher" daemon [_thread_blocked, id=9616, stack(0x0000005778200000,0x0000005778300000)]
  0x0000023e7e782d50 JavaThread "Attach Listener" daemon [_thread_blocked, id=13752, stack(0x0000005778300000,0x0000005778400000)]
  0x0000023e7e788890 JavaThread "Service Thread" daemon [_thread_blocked, id=240, stack(0x0000005778400000,0x0000005778500000)]
  0x0000023e7e789250 JavaThread "Monitor Deflation Thread" daemon [_thread_blocked, id=14324, stack(0x0000005778500000,0x0000005778600000)]
=>0x0000023e7e78a750 JavaThread "C2 CompilerThread0" daemon [_thread_in_native, id=3812, stack(0x0000005778600000,0x0000005778700000)]
  0x0000023e7e78d160 JavaThread "C1 CompilerThread0" daemon [_thread_blocked, id=16356, stack(0x0000005778700000,0x0000005778800000)]
  0x0000023e7e7c0230 JavaThread "Sweeper thread" daemon [_thread_blocked, id=13604, stack(0x0000005778800000,0x0000005778900000)]
  0x0000023e580b4010 JavaThread "Notification Thread" daemon [_thread_blocked, id=8, stack(0x0000005778900000,0x0000005778a00000)]
  0x0000023e580bcfa0 JavaThread "Common-Cleaner" daemon [_thread_blocked, id=11092, stack(0x0000005778b00000,0x0000005778c00000)]
  0x0000023e58fdba10 JavaThread "C2 CompilerThread1" daemon [_thread_in_vm, id=12324, stack(0x0000005779000000,0x0000005779100000)]

Other Threads:
  0x0000023e7e763fb0 VMThread "VM Thread" [stack: 0x0000005777f00000,0x0000005778000000] [id=1360]
  0x0000023e580b5910 WatcherThread [stack: 0x0000005778a00000,0x0000005778b00000] [id=6824]
  0x0000023e73ef81d0 GCTaskThread "GC Thread#0" [stack: 0x0000005777a00000,0x0000005777b00000] [id=5116]
  0x0000023e584ae3c0 GCTaskThread "GC Thread#1" [stack: 0x0000005778d00000,0x0000005778e00000] [id=3272]
  0x0000023e584d2190 GCTaskThread "GC Thread#2" [stack: 0x0000005778e00000,0x0000005778f00000] [id=7160]
  0x0000023e58480300 GCTaskThread "GC Thread#3" [stack: 0x0000005778f00000,0x0000005779000000] [id=8328]
  0x0000023e73f08fb0 ConcurrentGCThread "G1 Main Marker" [stack: 0x0000005777b00000,0x0000005777c00000] [id=12832]
  0x0000023e73f099d0 ConcurrentGCThread "G1 Conc#0" [stack: 0x0000005777c00000,0x0000005777d00000] [id=15628]
  0x0000023e7e620490 ConcurrentGCThread "G1 Refine#0" [stack: 0x0000005777d00000,0x0000005777e00000] [id=4980]
  0x0000023e7e620ec0 ConcurrentGCThread "G1 Service" [stack: 0x0000005777e00000,0x0000005777f00000] [id=6832]

Threads with active compile tasks:
C2 CompilerThread0     4220 1302       4       java.util.zip.ZipFile::getZipEntry (322 bytes)
C2 CompilerThread1     4220 1306       4       java.util.zip.ZipUtils::CENTIM (9 bytes)

VM state: not at safepoint (normal execution)

VM Mutex/Monitor currently owned by a thread: None

Heap address: 0x0000000088c00000, size: 1908 MB, Compressed Oops mode: 32-bit

CDS archive(s) mapped at: [0x0000023e13000000-0x0000023e13bb0000-0x0000023e13bb0000), size 12255232, SharedBaseAddress: 0x0000023e13000000, ArchiveRelocationMode: 1.
Compressed class space mapped at: 0x0000023e14000000-0x0000023e54000000, reserved size: 1073741824
Narrow klass base: 0x0000023e13000000, Narrow klass shift: 0, Narrow klass range: 0x100000000

GC Precious Log:
 CPUs: 4 total, 4 available
 Memory: 7631M
 Large Page Support: Disabled
 NUMA Support: Disabled
 Compressed Oops: Enabled (32-bit)
 Heap Region Size: 1M
 Heap Min Capacity: 8M
 Heap Initial Capacity: 120M
 Heap Max Capacity: 1908M
 Pre-touch: Disabled
 Parallel Workers: 4
 Concurrent Workers: 1
 Concurrent Refinement Workers: 4
 Periodic GC: Disabled

Heap:
 garbage-first heap   total 122880K, used 50310K [0x0000000088c00000, 0x0000000100000000)
  region size 1024K, 42 young (43008K), 1 survivors (1024K)
 Metaspace       used 17809K, committed 17984K, reserved 1114112K
  class space    used 2488K, committed 2560K, reserved 1048576K

Heap Regions: E=young(eden), S=young(survivor), O=old, HS=humongous(starts), HC=humongous(continues), CS=collection set, F=free, OA=open archive, CA=closed archive, TAMS=top-at-mark-start (previous, next)
|   0|0x0000000088c00000, 0x0000000088d00000, 0x0000000088d00000|100%|HS|  |TAMS 0x0000000088c00000, 0x0000000088c00000| Complete 
|   1|0x0000000088d00000, 0x0000000088e00000, 0x0000000088e00000|100%|HC|  |TAMS 0x0000000088d00000, 0x0000000088d00000| Complete 
|   2|0x0000000088e00000, 0x0000000088f00000, 0x0000000088f00000|100%|HC|  |TAMS 0x0000000088e00000, 0x0000000088e00000| Complete 
|   3|0x0000000088f00000, 0x0000000089000000, 0x0000000089000000|100%|HC|  |TAMS 0x0000000088f00000, 0x0000000088f00000| Complete 
|   4|0x0000000089000000, 0x0000000089100000, 0x0000000089100000|100%| O|  |TAMS 0x0000000089000000, 0x0000000089000000| Untracked 
|   5|0x0000000089100000, 0x0000000089200000, 0x0000000089200000|100%| O|  |TAMS 0x0000000089100000, 0x0000000089100000| Untracked 
|   6|0x0000000089200000, 0x000000008923ce00, 0x0000000089300000| 23%| O|  |TAMS 0x0000000089200000, 0x0000000089200000| Untracked 
|   7|0x0000000089300000, 0x0000000089400000, 0x0000000089400000|100%|HS|  |TAMS 0x0000000089300000, 0x0000000089300000| Complete 
|   8|0x0000000089400000, 0x0000000089500000, 0x0000000089500000|100%|HC|  |TAMS 0x0000000089400000, 0x0000000089400000| Complete 
|   9|0x0000000089500000, 0x0000000089500000, 0x0000000089600000|  0%| F|  |TAMS 0x0000000089500000, 0x0000000089500000| Untracked 
|  10|0x0000000089600000, 0x0000000089600000, 0x0000000089700000|  0%| F|  |TAMS 0x0000000089600000, 0x0000000089600000| Untracked 
|  11|0x0000000089700000, 0x0000000089700000, 0x0000000089800000|  0%| F|  |TAMS 0x0000000089700000, 0x0000000089700000| Untracked 
|  12|0x0000000089800000, 0x0000000089800000, 0x0000000089900000|  0%| F|  |TAMS 0x0000000089800000, 0x0000000089800000| Untracked 
|  13|0x0000000089900000, 0x0000000089900000, 0x0000000089a00000|  0%| F|  |TAMS 0x0000000089900000, 0x0000000089900000| Untracked 
|  14|0x0000000089a00000, 0x0000000089a00000, 0x0000000089b00000|  0%| F|  |TAMS 0x0000000089a00000, 0x0000000089a00000| Untracked 
|  15|0x0000000089b00000, 0x0000000089b00000, 0x0000000089c00000|  0%| F|  |TAMS 0x0000000089b00000, 0x0000000089b00000| Untracked 
|  16|0x0000000089c00000, 0x0000000089c00000, 0x0000000089d00000|  0%| F|  |TAMS 0x0000000089c00000, 0x0000000089c00000| Untracked 
|  17|0x0000000089d00000, 0x0000000089d00000, 0x0000000089e00000|  0%| F|  |TAMS 0x0000000089d00000, 0x0000000089d00000| Untracked 
|  18|0x0000000089e00000, 0x0000000089e00000, 0x0000000089f00000|  0%| F|  |TAMS 0x0000000089e00000, 0x0000000089e00000| Untracked 
|  19|0x0000000089f00000, 0x0000000089f00000, 0x000000008a000000|  0%| F|  |TAMS 0x0000000089f00000, 0x0000000089f00000| Untracked 
|  20|0x000000008a000000, 0x000000008a000000, 0x000000008a100000|  0%| F|  |TAMS 0x000000008a000000, 0x000000008a000000| Untracked 
|  21|0x000000008a100000, 0x000000008a100000, 0x000000008a200000|  0%| F|  |TAMS 0x000000008a100000, 0x000000008a100000| Untracked 
|  22|0x000000008a200000, 0x000000008a200000, 0x000000008a300000|  0%| F|  |TAMS 0x000000008a200000, 0x000000008a200000| Untracked 
|  23|0x000000008a300000, 0x000000008a300000, 0x000000008a400000|  0%| F|  |TAMS 0x000000008a300000, 0x000000008a300000| Untracked 
|  24|0x000000008a400000, 0x000000008a400000, 0x000000008a500000|  0%| F|  |TAMS 0x000000008a400000, 0x000000008a400000| Untracked 
|  25|0x000000008a500000, 0x000000008a500000, 0x000000008a600000|  0%| F|  |TAMS 0x000000008a500000, 0x000000008a500000| Untracked 
|  26|0x000000008a600000, 0x000000008a600000, 0x000000008a700000|  0%| F|  |TAMS 0x000000008a600000, 0x000000008a600000| Untracked 
|  27|0x000000008a700000, 0x000000008a700000, 0x000000008a800000|  0%| F|  |TAMS 0x000000008a700000, 0x000000008a700000| Untracked 
|  28|0x000000008a800000, 0x000000008a800000, 0x000000008a900000|  0%| F|  |TAMS 0x000000008a800000, 0x000000008a800000| Untracked 
|  29|0x000000008a900000, 0x000000008a900000, 0x000000008aa00000|  0%| F|  |TAMS 0x000000008a900000, 0x000000008a900000| Untracked 
|  30|0x000000008aa00000, 0x000000008aa00000, 0x000000008ab00000|  0%| F|  |TAMS 0x000000008aa00000, 0x000000008aa00000| Untracked 
|  31|0x000000008ab00000, 0x000000008ab00000, 0x000000008ac00000|  0%| F|  |TAMS 0x000000008ab00000, 0x000000008ab00000| Untracked 
|  32|0x000000008ac00000, 0x000000008ac00000, 0x000000008ad00000|  0%| F|  |TAMS 0x000000008ac00000, 0x000000008ac00000| Untracked 
|  33|0x000000008ad00000, 0x000000008ad00000, 0x000000008ae00000|  0%| F|  |TAMS 0x000000008ad00000, 0x000000008ad00000| Untracked 
|  34|0x000000008ae00000, 0x000000008ae00000, 0x000000008af00000|  0%| F|  |TAMS 0x000000008ae00000, 0x000000008ae00000| Untracked 
|  35|0x000000008af00000, 0x000000008af00000, 0x000000008b000000|  0%| F|  |TAMS 0x000000008af00000, 0x000000008af00000| Untracked 
|  36|0x000000008b000000, 0x000000008b000000, 0x000000008b100000|  0%| F|  |TAMS 0x000000008b000000, 0x000000008b000000| Untracked 
|  37|0x000000008b100000, 0x000000008b100000, 0x000000008b200000|  0%| F|  |TAMS 0x000000008b100000, 0x000000008b100000| Untracked 
|  38|0x000000008b200000, 0x000000008b200000, 0x000000008b300000|  0%| F|  |TAMS 0x000000008b200000, 0x000000008b200000| Untracked 
|  39|0x000000008b300000, 0x000000008b300000, 0x000000008b400000|  0%| F|  |TAMS 0x000000008b300000, 0x000000008b300000| Untracked 
|  40|0x000000008b400000, 0x000000008b400000, 0x000000008b500000|  0%| F|  |TAMS 0x000000008b400000, 0x000000008b400000| Untracked 
|  41|0x000000008b500000, 0x000000008b500000, 0x000000008b600000|  0%| F|  |TAMS 0x000000008b500000, 0x000000008b500000| Untracked 
|  42|0x000000008b600000, 0x000000008b600000, 0x000000008b700000|  0%| F|  |TAMS 0x000000008b600000, 0x000000008b600000| Untracked 
|  43|0x000000008b700000, 0x000000008b700000, 0x000000008b800000|  0%| F|  |TAMS 0x000000008b700000, 0x000000008b700000| Untracked 
|  44|0x000000008b800000, 0x000000008b800000, 0x000000008b900000|  0%| F|  |TAMS 0x000000008b800000, 0x000000008b800000| Untracked 
|  45|0x000000008b900000, 0x000000008b900000, 0x000000008ba00000|  0%| F|  |TAMS 0x000000008b900000, 0x000000008b900000| Untracked 
|  46|0x000000008ba00000, 0x000000008ba00000, 0x000000008bb00000|  0%| F|  |TAMS 0x000000008ba00000, 0x000000008ba00000| Untracked 
|  47|0x000000008bb00000, 0x000000008bb00000, 0x000000008bc00000|  0%| F|  |TAMS 0x000000008bb00000, 0x000000008bb00000| Untracked 
|  48|0x000000008bc00000, 0x000000008bc00000, 0x000000008bd00000|  0%| F|  |TAMS 0x000000008bc00000, 0x000000008bc00000| Untracked 
|  49|0x000000008bd00000, 0x000000008bd00000, 0x000000008be00000|  0%| F|  |TAMS 0x000000008bd00000, 0x000000008bd00000| Untracked 
|  50|0x000000008be00000, 0x000000008be00000, 0x000000008bf00000|  0%| F|  |TAMS 0x000000008be00000, 0x000000008be00000| Untracked 
|  51|0x000000008bf00000, 0x000000008bf00000, 0x000000008c000000|  0%| F|  |TAMS 0x000000008bf00000, 0x000000008bf00000| Untracked 
|  52|0x000000008c000000, 0x000000008c000000, 0x000000008c100000|  0%| F|  |TAMS 0x000000008c000000, 0x000000008c000000| Untracked 
|  53|0x000000008c100000, 0x000000008c100000, 0x000000008c200000|  0%| F|  |TAMS 0x000000008c100000, 0x000000008c100000| Untracked 
|  54|0x000000008c200000, 0x000000008c200000, 0x000000008c300000|  0%| F|  |TAMS 0x000000008c200000, 0x000000008c200000| Untracked 
|  55|0x000000008c300000, 0x000000008c300000, 0x000000008c400000|  0%| F|  |TAMS 0x000000008c300000, 0x000000008c300000| Untracked 
|  56|0x000000008c400000, 0x000000008c400000, 0x000000008c500000|  0%| F|  |TAMS 0x000000008c400000, 0x000000008c400000| Untracked 
|  57|0x000000008c500000, 0x000000008c500000, 0x000000008c600000|  0%| F|  |TAMS 0x000000008c500000, 0x000000008c500000| Untracked 
|  58|0x000000008c600000, 0x000000008c600000, 0x000000008c700000|  0%| F|  |TAMS 0x000000008c600000, 0x000000008c600000| Untracked 
|  59|0x000000008c700000, 0x000000008c700000, 0x000000008c800000|  0%| F|  |TAMS 0x000000008c700000, 0x000000008c700000| Untracked 
|  60|0x000000008c800000, 0x000000008c800000, 0x000000008c900000|  0%| F|  |TAMS 0x000000008c800000, 0x000000008c800000| Untracked 
|  61|0x000000008c900000, 0x000000008c900000, 0x000000008ca00000|  0%| F|  |TAMS 0x000000008c900000, 0x000000008c900000| Untracked 
|  62|0x000000008ca00000, 0x000000008ca00000, 0x000000008cb00000|  0%| F|  |TAMS 0x000000008ca00000, 0x000000008ca00000| Untracked 
|  63|0x000000008cb00000, 0x000000008cb00000, 0x000000008cc00000|  0%| F|  |TAMS 0x000000008cb00000, 0x000000008cb00000| Untracked 
|  64|0x000000008cc00000, 0x000000008cc00000, 0x000000008cd00000|  0%| F|  |TAMS 0x000000008cc00000, 0x000000008cc00000| Untracked 
|  65|0x000000008cd00000, 0x000000008cd00000, 0x000000008ce00000|  0%| F|  |TAMS 0x000000008cd00000, 0x000000008cd00000| Untracked 
|  66|0x000000008ce00000, 0x000000008ce00000, 0x000000008cf00000|  0%| F|  |TAMS 0x000000008ce00000, 0x000000008ce00000| Untracked 
|  67|0x000000008cf00000, 0x000000008cf00000, 0x000000008d000000|  0%| F|  |TAMS 0x000000008cf00000, 0x000000008cf00000| Untracked 
|  68|0x000000008d000000, 0x000000008d000000, 0x000000008d100000|  0%| F|  |TAMS 0x000000008d000000, 0x000000008d000000| Untracked 
|  69|0x000000008d100000, 0x000000008d100000, 0x000000008d200000|  0%| F|  |TAMS 0x000000008d100000, 0x000000008d100000| Untracked 
|  70|0x000000008d200000, 0x000000008d200000, 0x000000008d300000|  0%| F|  |TAMS 0x000000008d200000, 0x000000008d200000| Untracked 
|  71|0x000000008d300000, 0x000000008d300000, 0x000000008d400000|  0%| F|  |TAMS 0x000000008d300000, 0x000000008d300000| Untracked 
|  72|0x000000008d400000, 0x000000008d400000, 0x000000008d500000|  0%| F|  |TAMS 0x000000008d400000, 0x000000008d400000| Untracked 
|  73|0x000000008d500000, 0x000000008d500000, 0x000000008d600000|  0%| F|  |TAMS 0x000000008d500000, 0x000000008d500000| Untracked 
|  74|0x000000008d600000, 0x000000008d600000, 0x000000008d700000|  0%| F|  |TAMS 0x000000008d600000, 0x000000008d600000| Untracked 
|  75|0x000000008d700000, 0x000000008d700000, 0x000000008d800000|  0%| F|  |TAMS 0x000000008d700000, 0x000000008d700000| Untracked 
|  76|0x000000008d800000, 0x000000008d800000, 0x000000008d900000|  0%| F|  |TAMS 0x000000008d800000, 0x000000008d800000| Untracked 
|  77|0x000000008d900000, 0x000000008d900000, 0x000000008da00000|  0%| F|  |TAMS 0x000000008d900000, 0x000000008d900000| Untracked 
|  78|0x000000008da00000, 0x000000008da80b68, 0x000000008db00000| 50%| E|  |TAMS 0x000000008da00000, 0x000000008da00000| Complete 
|  79|0x000000008db00000, 0x000000008dc00000, 0x000000008dc00000|100%| E|CS|TAMS 0x000000008db00000, 0x000000008db00000| Complete 
|  80|0x000000008dc00000, 0x000000008dd00000, 0x000000008dd00000|100%| E|CS|TAMS 0x000000008dc00000, 0x000000008dc00000| Complete 
|  81|0x000000008dd00000, 0x000000008de00000, 0x000000008de00000|100%| E|CS|TAMS 0x000000008dd00000, 0x000000008dd00000| Complete 
|  82|0x000000008de00000, 0x000000008df00000, 0x000000008df00000|100%| E|CS|TAMS 0x000000008de00000, 0x000000008de00000| Complete 
|  83|0x000000008df00000, 0x000000008e000000, 0x000000008e000000|100%| E|CS|TAMS 0x000000008df00000, 0x000000008df00000| Complete 
|  84|0x000000008e000000, 0x000000008e100000, 0x000000008e100000|100%| E|CS|TAMS 0x000000008e000000, 0x000000008e000000| Complete 
|  85|0x000000008e100000, 0x000000008e200000, 0x000000008e200000|100%| E|CS|TAMS 0x000000008e100000, 0x000000008e100000| Complete 
|  86|0x000000008e200000, 0x000000008e300000, 0x000000008e300000|100%| E|CS|TAMS 0x000000008e200000, 0x000000008e200000| Complete 
|  87|0x000000008e300000, 0x000000008e400000, 0x000000008e400000|100%| E|CS|TAMS 0x000000008e300000, 0x000000008e300000| Complete 
|  88|0x000000008e400000, 0x000000008e500000, 0x000000008e500000|100%| E|CS|TAMS 0x000000008e400000, 0x000000008e400000| Complete 
|  89|0x000000008e500000, 0x000000008e600000, 0x000000008e600000|100%| E|CS|TAMS 0x000000008e500000, 0x000000008e500000| Complete 
|  90|0x000000008e600000, 0x000000008e700000, 0x000000008e700000|100%| E|CS|TAMS 0x000000008e600000, 0x000000008e600000| Complete 
|  91|0x000000008e700000, 0x000000008e800000, 0x000000008e800000|100%| E|CS|TAMS 0x000000008e700000, 0x000000008e700000| Complete 
|  92|0x000000008e800000, 0x000000008e900000, 0x000000008e900000|100%| E|CS|TAMS 0x000000008e800000, 0x000000008e800000| Complete 
|  93|0x000000008e900000, 0x000000008ea00000, 0x000000008ea00000|100%| E|CS|TAMS 0x000000008e900000, 0x000000008e900000| Complete 
|  94|0x000000008ea00000, 0x000000008eb00000, 0x000000008eb00000|100%| E|CS|TAMS 0x000000008ea00000, 0x000000008ea00000| Complete 
|  95|0x000000008eb00000, 0x000000008ec00000, 0x000000008ec00000|100%| E|CS|TAMS 0x000000008eb00000, 0x000000008eb00000| Complete 
|  96|0x000000008ec00000, 0x000000008ed00000, 0x000000008ed00000|100%| E|CS|TAMS 0x000000008ec00000, 0x000000008ec00000| Complete 
|  97|0x000000008ed00000, 0x000000008ee00000, 0x000000008ee00000|100%| E|CS|TAMS 0x000000008ed00000, 0x000000008ed00000| Complete 
|  98|0x000000008ee00000, 0x000000008ef00000, 0x000000008ef00000|100%| E|CS|TAMS 0x000000008ee00000, 0x000000008ee00000| Complete 
|  99|0x000000008ef00000, 0x000000008f000000, 0x000000008f000000|100%| E|CS|TAMS 0x000000008ef00000, 0x000000008ef00000| Complete 
| 100|0x000000008f000000, 0x000000008f100000, 0x000000008f100000|100%| E|CS|TAMS 0x000000008f000000, 0x000000008f000000| Complete 
| 101|0x000000008f100000, 0x000000008f1e4ac8, 0x000000008f200000| 89%| S|CS|TAMS 0x000000008f100000, 0x000000008f100000| Complete 
| 102|0x000000008f200000, 0x000000008f300000, 0x000000008f300000|100%| E|CS|TAMS 0x000000008f200000, 0x000000008f200000| Complete 
| 103|0x000000008f300000, 0x000000008f400000, 0x000000008f400000|100%| E|CS|TAMS 0x000000008f300000, 0x000000008f300000| Complete 
| 104|0x000000008f400000, 0x000000008f500000, 0x000000008f500000|100%| E|CS|TAMS 0x000000008f400000, 0x000000008f400000| Complete 
| 105|0x000000008f500000, 0x000000008f600000, 0x000000008f600000|100%| E|CS|TAMS 0x000000008f500000, 0x000000008f500000| Complete 
| 106|0x000000008f600000, 0x000000008f700000, 0x000000008f700000|100%| E|CS|TAMS 0x000000008f600000, 0x000000008f600000| Complete 
| 107|0x000000008f700000, 0x000000008f800000, 0x000000008f800000|100%| E|CS|TAMS 0x000000008f700000, 0x000000008f700000| Complete 
| 108|0x000000008f800000, 0x000000008f900000, 0x000000008f900000|100%| E|CS|TAMS 0x000000008f800000, 0x000000008f800000| Complete 
| 109|0x000000008f900000, 0x000000008fa00000, 0x000000008fa00000|100%| E|CS|TAMS 0x000000008f900000, 0x000000008f900000| Complete 
| 110|0x000000008fa00000, 0x000000008fb00000, 0x000000008fb00000|100%| E|CS|TAMS 0x000000008fa00000, 0x000000008fa00000| Complete 
| 111|0x000000008fb00000, 0x000000008fc00000, 0x000000008fc00000|100%| E|CS|TAMS 0x000000008fb00000, 0x000000008fb00000| Complete 
| 112|0x000000008fc00000, 0x000000008fd00000, 0x000000008fd00000|100%| E|CS|TAMS 0x000000008fc00000, 0x000000008fc00000| Complete 
| 113|0x000000008fd00000, 0x000000008fe00000, 0x000000008fe00000|100%| E|CS|TAMS 0x000000008fd00000, 0x000000008fd00000| Complete 
| 114|0x000000008fe00000, 0x000000008ff00000, 0x000000008ff00000|100%| E|CS|TAMS 0x000000008fe00000, 0x000000008fe00000| Complete 
| 115|0x000000008ff00000, 0x0000000090000000, 0x0000000090000000|100%| E|CS|TAMS 0x000000008ff00000, 0x000000008ff00000| Complete 
| 116|0x0000000090000000, 0x0000000090100000, 0x0000000090100000|100%| E|CS|TAMS 0x0000000090000000, 0x0000000090000000| Complete 
| 117|0x0000000090100000, 0x0000000090200000, 0x0000000090200000|100%| E|CS|TAMS 0x0000000090100000, 0x0000000090100000| Complete 
| 118|0x0000000090200000, 0x0000000090300000, 0x0000000090300000|100%| E|CS|TAMS 0x0000000090200000, 0x0000000090200000| Complete 
| 119|0x0000000090300000, 0x0000000090400000, 0x0000000090400000|100%| E|CS|TAMS 0x0000000090300000, 0x0000000090300000| Complete 

Card table byte_map: [0x0000023e7bd90000,0x0000023e7c150000] _byte_map_base: 0x0000023e7b94a000

Marking Bits (Prev, Next): (CMBitMap*) 0x0000023e73ef87f0, (CMBitMap*) 0x0000023e73ef8830
 Prev Bits: [0x0000023e7c510000, 0x0000023e7e2e0000)
 Next Bits: [0x0000023e0f000000, 0x0000023e10dd0000)

Polling page: 0x0000023e72020000

Metaspace:

Usage:
  Non-class:     14.96 MB used.
      Class:      2.43 MB used.
       Both:     17.39 MB used.

Virtual space:
  Non-class space:       64.00 MB reserved,      15.06 MB ( 24%) committed,  1 nodes.
      Class space:        1.00 GB reserved,       2.50 MB ( <1%) committed,  1 nodes.
             Both:        1.06 GB reserved,      17.56 MB (  2%) committed. 

Chunk freelists:
   Non-Class:  14.78 MB
       Class:  13.44 MB
        Both:  28.22 MB

MaxMetaspaceSize: unlimited
CompressedClassSpaceSize: 1.00 GB
Initial GC threshold: 21.00 MB
Current GC threshold: 21.00 MB
CDS: on
MetaspaceReclaimPolicy: balanced
 - commit_granule_bytes: 65536.
 - commit_granule_words: 8192.
 - virtual_space_node_default_size: 8388608.
 - enlarge_chunks_in_place: 1.
 - new_chunks_are_fully_committed: 0.
 - uncommit_free_chunks: 1.
 - use_allocation_guard: 0.
 - handle_deallocations: 1.


Internal statistics:

num_allocs_failed_limit: 0.
num_arena_births: 110.
num_arena_deaths: 0.
num_vsnodes_births: 2.
num_vsnodes_deaths: 0.
num_space_committed: 280.
num_space_uncommitted: 0.
num_chunks_returned_to_freelist: 0.
num_chunks_taken_from_freelist: 698.
num_chunk_merges: 0.
num_chunk_splits: 555.
num_chunks_enlarged: 505.
num_inconsistent_stats: 0.

CodeHeap 'non-profiled nmethods': size=120000Kb used=592Kb max_used=592Kb free=119407Kb
 bounds [0x0000023e07ad0000, 0x0000023e07d40000, 0x0000023e0f000000]
CodeHeap 'profiled nmethods': size=120000Kb used=2168Kb max_used=2168Kb free=117831Kb
 bounds [0x0000023e00000000, 0x0000023e00270000, 0x0000023e07530000]
CodeHeap 'non-nmethods': size=5760Kb used=1192Kb max_used=1221Kb free=4567Kb
 bounds [0x0000023e07530000, 0x0000023e077a0000, 0x0000023e07ad0000]
 total_blobs=1794 nmethods=1304 adapters=403
 compilation: enabled
              stopped_count=0, restarted_count=0
 full_count=0

Compilation events (20 events):
Event: 4.182 Thread 0x0000023e7e78d160 nmethod 1295 0x0000023e00219610 code [0x0000023e002197c0, 0x0000023e00219b38]
Event: 4.182 Thread 0x0000023e7e78d160 1296       3       jdk.internal.loader.Resource::<init> (5 bytes)
Event: 4.183 Thread 0x0000023e7e78d160 nmethod 1296 0x0000023e00219c10 code [0x0000023e00219da0, 0x0000023e00219ef8]
Event: 4.183 Thread 0x0000023e7e78d160 1297   !   3       java.util.jar.JarFile::checkForSpecialAttributes (163 bytes)
Event: 4.184 Thread 0x0000023e7e78d160 nmethod 1297 0x0000023e00219f90 code [0x0000023e0021a2a0, 0x0000023e0021b518]
Event: 4.190 Thread 0x0000023e7e78d160 1298       3       java.util.jar.JavaUtilJarAccessImpl::entryFor (6 bytes)
Event: 4.191 Thread 0x0000023e7e78d160 nmethod 1298 0x0000023e0021bc90 code [0x0000023e0021be60, 0x0000023e0021c288]
Event: 4.191 Thread 0x0000023e7e78d160 1299       3       java.util.jar.JarFile::entryFor (10 bytes)
Event: 4.191 Thread 0x0000023e7e78d160 nmethod 1299 0x0000023e0021c410 code [0x0000023e0021c5c0, 0x0000023e0021c908]
Event: 4.191 Thread 0x0000023e7e78d160 1300       3       java.util.jar.JarFile$JarFileEntry::<init> (16 bytes)
Event: 4.191 Thread 0x0000023e7e78d160 nmethod 1300 0x0000023e0021ca90 code [0x0000023e0021cc40, 0x0000023e0021cea8]
Event: 4.191 Thread 0x0000023e7e78d160 1301       3       java.util.jar.JarEntry::<init> (6 bytes)
Event: 4.191 Thread 0x0000023e7e78d160 nmethod 1301 0x0000023e0021cf90 code [0x0000023e0021d120, 0x0000023e0021d268]
Event: 4.191 Thread 0x0000023e7e78a750 1302       4       java.util.zip.ZipFile::getZipEntry (322 bytes)
Event: 4.191 Thread 0x0000023e7e78d160 1303       3       org.jetbrains.kotlin.renderer.DescriptorRendererOptionsImpl::property (20 bytes)
Event: 4.191 Thread 0x0000023e7e78d160 nmethod 1303 0x0000023e0021d310 code [0x0000023e0021d4c0, 0x0000023e0021d7f8]
Event: 4.192 Thread 0x0000023e7e78d160 1304       3       org.jetbrains.kotlin.renderer.DescriptorRendererOptionsImpl$property$$inlined$vetoable$1::<init> (11 bytes)
Event: 4.192 Thread 0x0000023e7e78d160 nmethod 1304 0x0000023e0021d910 code [0x0000023e0021dac0, 0x0000023e0021dd38]
Event: 4.192 Thread 0x0000023e7e78d160 1305       3       kotlin.properties.ObservableProperty::<init> (10 bytes)
Event: 4.192 Thread 0x0000023e7e78d160 nmethod 1305 0x0000023e0021de10 code [0x0000023e0021dfa0, 0x0000023e0021e158]

GC Heap History (4 events):
Event: 1.676 GC heap before
{Heap before GC invocations=0 (full 0):
 garbage-first heap   total 122880K, used 17408K [0x0000000088c00000, 0x0000000100000000)
  region size 1024K, 13 young (13312K), 0 survivors (0K)
 Metaspace       used 4386K, committed 4544K, reserved 1114112K
  class space    used 351K, committed 448K, reserved 1048576K
}
Event: 1.681 GC heap after
{Heap after GC invocations=1 (full 0):
 garbage-first heap   total 122880K, used 6468K [0x0000000088c00000, 0x0000000100000000)
  region size 1024K, 2 young (2048K), 2 survivors (2048K)
 Metaspace       used 4386K, committed 4544K, reserved 1114112K
  class space    used 351K, committed 448K, reserved 1048576K
}
Event: 2.563 GC heap before
{Heap before GC invocations=1 (full 0):
 garbage-first heap   total 122880K, used 22852K [0x0000000088c00000, 0x0000000100000000)
  region size 1024K, 18 young (18432K), 2 survivors (2048K)
 Metaspace       used 9136K, committed 9280K, reserved 1114112K
  class space    used 980K, committed 1024K, reserved 1048576K
}
Event: 2.567 GC heap after
{Heap after GC invocations=2 (full 0):
 garbage-first heap   total 122880K, used 7302K [0x0000000088c00000, 0x0000000100000000)
  region size 1024K, 1 young (1024K), 1 survivors (1024K)
 Metaspace       used 9136K, committed 9280K, reserved 1114112K
  class space    used 980K, committed 1024K, reserved 1048576K
}

Dll operation events (7 events):
Event: 0.013 Loaded shared library C:\Program Files\Microsoft\jdk-17.0.11.9-hotspot\bin\java.dll
Event: 0.042 Loaded shared library C:\Program Files\Microsoft\jdk-17.0.11.9-hotspot\bin\jsvml.dll
Event: 0.105 Loaded shared library C:\Program Files\Microsoft\jdk-17.0.11.9-hotspot\bin\net.dll
Event: 0.107 Loaded shared library C:\Program Files\Microsoft\jdk-17.0.11.9-hotspot\bin\nio.dll
Event: 0.526 Loaded shared library C:\Program Files\Microsoft\jdk-17.0.11.9-hotspot\bin\zip.dll
Event: 0.845 Loaded shared library C:\Program Files\Microsoft\jdk-17.0.11.9-hotspot\bin\jimage.dll
Event: 2.845 Loaded shared library C:\Program Files\Microsoft\jdk-17.0.11.9-hotspot\bin\verify.dll

Deoptimization events (20 events):
Event: 3.844 Thread 0x0000023e73ea1bb0 DEOPT PACKING pc=0x0000023e001eff58 sp=0x00000057779fe440
Event: 3.844 Thread 0x0000023e73ea1bb0 DEOPT UNPACKING pc=0x0000023e07587143 sp=0x00000057779fd8d0 mode 0
Event: 3.847 Thread 0x0000023e73ea1bb0 DEOPT PACKING pc=0x0000023e001eff58 sp=0x00000057779fe440
Event: 3.847 Thread 0x0000023e73ea1bb0 DEOPT UNPACKING pc=0x0000023e07587143 sp=0x00000057779fd8d0 mode 0
Event: 3.848 Thread 0x0000023e73ea1bb0 DEOPT PACKING pc=0x0000023e001f8fd6 sp=0x00000057779fe530
Event: 3.848 Thread 0x0000023e73ea1bb0 DEOPT UNPACKING pc=0x0000023e07587143 sp=0x00000057779fda20 mode 0
Event: 3.851 Thread 0x0000023e73ea1bb0 DEOPT PACKING pc=0x0000023e001eff58 sp=0x00000057779fe440
Event: 3.851 Thread 0x0000023e73ea1bb0 DEOPT UNPACKING pc=0x0000023e07587143 sp=0x00000057779fd8d0 mode 0
Event: 3.852 Thread 0x0000023e73ea1bb0 DEOPT PACKING pc=0x0000023e001f8fd6 sp=0x00000057779fe530
Event: 3.852 Thread 0x0000023e73ea1bb0 DEOPT UNPACKING pc=0x0000023e07587143 sp=0x00000057779fda20 mode 0
Event: 3.853 Thread 0x0000023e73ea1bb0 DEOPT PACKING pc=0x0000023e001fb04b sp=0x00000057779fe650
Event: 3.853 Thread 0x0000023e73ea1bb0 DEOPT UNPACKING pc=0x0000023e07587143 sp=0x00000057779fdb48 mode 0
Event: 4.146 Thread 0x0000023e73ea1bb0 Uncommon trap: trap_request=0xffffff45 fr.pc=0x0000023e07b21f18 relative=0x00000000000001d8
Event: 4.146 Thread 0x0000023e73ea1bb0 Uncommon trap: reason=unstable_if action=reinterpret pc=0x0000023e07b21f18 method=java.io.WinNTFileSystem.normalize(Ljava/lang/String;)Ljava/lang/String; @ 104 c2
Event: 4.146 Thread 0x0000023e73ea1bb0 DEOPT PACKING pc=0x0000023e07b21f18 sp=0x00000057779fdab0
Event: 4.146 Thread 0x0000023e73ea1bb0 DEOPT UNPACKING pc=0x0000023e075869a3 sp=0x00000057779fda28 mode 2
Event: 4.194 Thread 0x0000023e73ea1bb0 Uncommon trap: trap_request=0xffffff45 fr.pc=0x0000023e07af5f14 relative=0x00000000000005d4
Event: 4.194 Thread 0x0000023e73ea1bb0 Uncommon trap: reason=unstable_if action=reinterpret pc=0x0000023e07af5f14 method=java.lang.AbstractStringBuilder.append(Ljava/lang/String;)Ljava/lang/AbstractStringBuilder; @ 1 c2
Event: 4.194 Thread 0x0000023e73ea1bb0 DEOPT PACKING pc=0x0000023e07af5f14 sp=0x00000057779fdc70
Event: 4.194 Thread 0x0000023e73ea1bb0 DEOPT UNPACKING pc=0x0000023e075869a3 sp=0x00000057779fdbf0 mode 2

Classes unloaded (0 events):
No events

Classes redefined (0 events):
No events

Internal exceptions (20 events):
Event: 2.382 Thread 0x0000023e73ea1bb0 Exception <a 'java/lang/NoSuchMethodError'{0x000000008f8424c0}: 'int java.lang.invoke.DirectMethodHandle$Holder.invokeStaticInit(java.lang.Object, java.lang.Object, java.lang.Object, java.lang.Object)'> (0x000000008f8424c0) 
thrown [s\src\hotspot\share\interpreter\linkResolver.cpp, line 759]
Event: 2.411 Thread 0x0000023e73ea1bb0 Exception <a 'java/lang/NoSuchMethodError'{0x000000008f406f58}: 'long java.lang.invoke.Invokers$Holder.invoke_MT(java.lang.Object, java.lang.Object, java.lang.Object, java.lang.Object)'> (0x000000008f406f58) 
thrown [s\src\hotspot\share\interpreter\linkResolver.cpp, line 759]
Event: 2.412 Thread 0x0000023e73ea1bb0 Exception <a 'java/lang/NoSuchMethodError'{0x000000008f412560}: 'int java.lang.invoke.DirectMethodHandle$Holder.invokeSpecial(java.lang.Object, java.lang.Object, java.lang.Object)'> (0x000000008f412560) 
thrown [s\src\hotspot\share\interpreter\linkResolver.cpp, line 759]
Event: 2.413 Thread 0x0000023e73ea1bb0 Exception <a 'java/lang/NoSuchMethodError'{0x000000008f416250}: 'int java.lang.invoke.DirectMethodHandle$Holder.invokeSpecial(java.lang.Object, java.lang.Object, java.lang.Object, java.lang.Object)'> (0x000000008f416250) 
thrown [s\src\hotspot\share\interpreter\linkResolver.cpp, line 759]
Event: 2.413 Thread 0x0000023e73ea1bb0 Exception <a 'java/lang/NoSuchMethodError'{0x000000008f4198b8}: 'int java.lang.invoke.Invokers$Holder.invoke_MT(java.lang.Object, java.lang.Object, java.lang.Object, java.lang.Object)'> (0x000000008f4198b8) 
thrown [s\src\hotspot\share\interpreter\linkResolver.cpp, line 759]
Event: 2.439 Thread 0x0000023e73ea1bb0 Exception <a 'java/lang/NoSuchMethodError'{0x000000008f428e40}: 'void java.lang.invoke.DelegatingMethodHandle$Holder.reinvoke_L(java.lang.Object, java.lang.Object, java.lang.Object, long, java.lang.Object)'> (0x000000008f428e40) 
thrown [s\src\hotspot\share\interpreter\linkResolver.cpp, line 759]
Event: 2.440 Thread 0x0000023e73ea1bb0 Exception <a 'java/lang/NoSuchMethodError'{0x000000008f430a78}: 'java.lang.Object java.lang.invoke.DirectMethodHandle$Holder.invokeSpecial(java.lang.Object, java.lang.Object, java.lang.Object, java.lang.Object, long)'> (0x000000008f430a78) 
thrown [s\src\hotspot\share\interpreter\linkResolver.cpp, line 759]
Event: 2.442 Thread 0x0000023e73ea1bb0 Exception <a 'java/lang/NoSuchMethodError'{0x000000008f43fe38}: 'int java.lang.invoke.DelegatingMethodHandle$Holder.reinvoke_L(java.lang.Object, java.lang.Object, java.lang.Object, long, java.lang.Object, java.lang.Object)'> (0x000000008f43fe38) 
thrown [s\src\hotspot\share\interpreter\linkResolver.cpp, line 759]
Event: 2.443 Thread 0x0000023e73ea1bb0 Exception <a 'java/lang/NoSuchMethodError'{0x000000008f44e9c8}: 'int java.lang.invoke.DelegatingMethodHandle$Holder.reinvoke_L(java.lang.Object, java.lang.Object, java.lang.Object, long, int, int)'> (0x000000008f44e9c8) 
thrown [s\src\hotspot\share\interpreter\linkResolver.cpp, line 759]
Event: 2.444 Thread 0x0000023e73ea1bb0 Exception <a 'java/lang/NoSuchMethodError'{0x000000008f45d568}: 'int java.lang.invoke.DelegatingMethodHandle$Holder.reinvoke_L(java.lang.Object, java.lang.Object, java.lang.Object, long, long, long)'> (0x000000008f45d568) 
thrown [s\src\hotspot\share\interpreter\linkResolver.cpp, line 759]
Event: 2.446 Thread 0x0000023e73ea1bb0 Exception <a 'java/lang/NoSuchMethodError'{0x000000008f46bb80}: 'int java.lang.invoke.DelegatingMethodHandle$Holder.reinvoke_L(java.lang.Object, java.lang.Object, java.lang.Object, long, int)'> (0x000000008f46bb80) 
thrown [s\src\hotspot\share\interpreter\linkResolver.cpp, line 759]
Event: 2.460 Thread 0x0000023e73ea1bb0 Exception <a 'java/lang/NoSuchMethodError'{0x000000008f3147e8}: 'int java.lang.invoke.DirectMethodHandle$Holder.invokeStaticInit(java.lang.Object, java.lang.Object, java.lang.Object)'> (0x000000008f3147e8) 
thrown [s\src\hotspot\share\interpreter\linkResolver.cpp, line 759]
Event: 2.466 Thread 0x0000023e73ea1bb0 Exception <a 'java/lang/NoSuchMethodError'{0x000000008f33d5b0}: 'int java.lang.invoke.DirectMethodHandle$Holder.invokeStaticInit(java.lang.Object, java.lang.Object)'> (0x000000008f33d5b0) 
thrown [s\src\hotspot\share\interpreter\linkResolver.cpp, line 759]
Event: 2.505 Thread 0x0000023e73ea1bb0 Exception <a 'java/lang/NoSuchMethodError'{0x000000008f21d370}: 'void java.lang.invoke.DirectMethodHandle$Holder.invokeSpecial(java.lang.Object, java.lang.Object, java.lang.Object)'> (0x000000008f21d370) 
thrown [s\src\hotspot\share\interpreter\linkResolver.cpp, line 759]
Event: 2.638 Thread 0x0000023e73ea1bb0 Exception <a 'java/lang/NoSuchMethodError'{0x0000000090140bc8}: 'void java.lang.invoke.DirectMethodHandle$Holder.invokeStatic(java.lang.Object, java.lang.Object, java.lang.Object, java.lang.Object)'> (0x0000000090140bc8) 
thrown [s\src\hotspot\share\interpreter\linkResolver.cpp, line 759]
Event: 2.780 Thread 0x0000023e73ea1bb0 Exception <a 'java/lang/NoSuchMethodError'{0x000000008fd780d0}: 'void java.lang.invoke.DirectMethodHandle$Holder.invokeStaticInit(java.lang.Object, java.lang.Object)'> (0x000000008fd780d0) 
thrown [s\src\hotspot\share\interpreter\linkResolver.cpp, line 759]
Event: 2.936 Thread 0x0000023e73ea1bb0 Exception <a 'java/lang/NoSuchMethodError'{0x000000008f8365c8}: 'void java.lang.invoke.DirectMethodHandle$Holder.invokeVirtual(java.lang.Object, java.lang.Object)'> (0x000000008f8365c8) 
thrown [s\src\hotspot\share\interpreter\linkResolver.cpp, line 759]
Event: 2.969 Thread 0x0000023e73ea1bb0 Exception <a 'java/lang/NoSuchMethodError'{0x000000008f8b3038}: 'int java.lang.invoke.DirectMethodHandle$Holder.invokeVirtual(java.lang.Object, java.lang.Object)'> (0x000000008f8b3038) 
thrown [s\src\hotspot\share\interpreter\linkResolver.cpp, line 759]
Event: 3.019 Thread 0x0000023e73ea1bb0 Exception <a 'java/lang/NoSuchMethodError'{0x000000008f76efd0}: 'java.lang.Object java.lang.invoke.Invokers$Holder.invokeExact_MT(java.lang.Object, java.lang.Object, java.lang.Object, java.lang.Object, java.lang.Object, java.lang.Object)'> (0x000000008f76efd0) 
thrown [s\src\hotspot\share\interpreter\linkResolver.cpp, line 759]
Event: 4.194 Thread 0x0000023e73ea1bb0 Implicit null exception at 0x0000023e07af5972 to 0x0000023e07af5f00

VM Operations (18 events):
Event: 0.527 Executing VM operation: HandshakeAllThreads
Event: 0.527 Executing VM operation: HandshakeAllThreads done
Event: 1.536 Executing VM operation: Cleanup
Event: 1.536 Executing VM operation: Cleanup done
Event: 1.571 Executing VM operation: HandshakeAllThreads
Event: 1.571 Executing VM operation: HandshakeAllThreads done
Event: 1.676 Executing VM operation: G1CollectForAllocation
Event: 1.681 Executing VM operation: G1CollectForAllocation done
Event: 1.750 Executing VM operation: HandshakeAllThreads
Event: 1.751 Executing VM operation: HandshakeAllThreads done
Event: 2.563 Executing VM operation: G1CollectForAllocation
Event: 2.567 Executing VM operation: G1CollectForAllocation done
Event: 3.568 Executing VM operation: Cleanup
Event: 3.568 Executing VM operation: Cleanup done
Event: 4.147 Executing VM operation: HandshakeAllThreads
Event: 4.147 Executing VM operation: HandshakeAllThreads done
Event: 4.147 Executing VM operation: HandshakeAllThreads
Event: 4.147 Executing VM operation: HandshakeAllThreads done

Events (20 events):
Event: 4.143 loading class java/net/JarURLConnection
Event: 4.143 loading class java/net/JarURLConnection done
Event: 4.143 loading class sun/net/www/protocol/jar/JarURLConnection done
Event: 4.145 loading class sun/net/www/protocol/jar/JarFileFactory
Event: 4.146 loading class sun/net/www/protocol/jar/URLJarFile$URLJarFileCloseController
Event: 4.146 loading class sun/net/www/protocol/jar/URLJarFile$URLJarFileCloseController done
Event: 4.146 loading class sun/net/www/protocol/jar/JarFileFactory done
Event: 4.146 loading class sun/net/www/protocol/file/FileURLConnection
Event: 4.146 loading class sun/net/www/URLConnection
Event: 4.146 loading class sun/net/www/URLConnection done
Event: 4.146 loading class sun/net/www/protocol/file/FileURLConnection done
Event: 4.146 loading class sun/net/www/MessageHeader
Event: 4.146 loading class sun/net/www/MessageHeader done
Event: 4.146 loading class sun/net/www/protocol/jar/URLJarFile
Event: 4.146 loading class sun/net/www/protocol/jar/URLJarFile done
Event: 4.147 loading class sun/net/www/protocol/jar/URLJarFile$URLJarFileEntry
Event: 4.147 loading class sun/net/www/protocol/jar/URLJarFile$URLJarFileEntry done
Event: 4.147 loading class sun/net/www/protocol/jar/JarURLConnection$JarURLInputStream
Event: 4.147 loading class sun/net/www/protocol/jar/JarURLConnection$JarURLInputStream done
Event: 4.192 Thread 0x0000023e58fdba10 Thread added: 0x0000023e58fdba10


Dynamic libraries:
0x00007ff65c1e0000 - 0x00007ff65c1ee000 	C:\Program Files\Microsoft\jdk-17.0.11.9-hotspot\bin\java.exe
0x00007ffe380b0000 - 0x00007ffe382a8000 	C:\WINDOWS\SYSTEM32\ntdll.dll
0x00007ffe37c40000 - 0x00007ffe37cfd000 	C:\WINDOWS\System32\KERNEL32.DLL
0x00007ffe35c60000 - 0x00007ffe35f56000 	C:\WINDOWS\System32\KERNELBASE.dll
0x00007ffe35ff0000 - 0x00007ffe360f0000 	C:\WINDOWS\System32\ucrtbase.dll
0x00007ffe2a720000 - 0x00007ffe2a737000 	C:\Program Files\Microsoft\jdk-17.0.11.9-hotspot\bin\jli.dll
0x00007ffe36120000 - 0x00007ffe362bf000 	C:\WINDOWS\System32\USER32.dll
0x00007ffe357c0000 - 0x00007ffe357e2000 	C:\WINDOWS\System32\win32u.dll
0x00007ffe360f0000 - 0x00007ffe3611b000 	C:\WINDOWS\System32\GDI32.dll
0x00007ffe35a90000 - 0x00007ffe35ba7000 	C:\WINDOWS\System32\gdi32full.dll
0x00007ffe357f0000 - 0x00007ffe3588d000 	C:\WINDOWS\System32\msvcp_win.dll
0x00007ffe32ac0000 - 0x00007ffe32adb000 	C:\Program Files\Microsoft\jdk-17.0.11.9-hotspot\bin\VCRUNTIME140.dll
0x00007ffe28830000 - 0x00007ffe28aca000 	C:\WINDOWS\WinSxS\amd64_microsoft.windows.common-controls_6595b64144ccf1df_6.0.19041.4355_none_60b8b9eb71f62e16\COMCTL32.dll
0x00007ffe36be0000 - 0x00007ffe36c7e000 	C:\WINDOWS\System32\msvcrt.dll
0x00007ffe37fa0000 - 0x00007ffe37fcf000 	C:\WINDOWS\System32\IMM32.DLL
0x00007ffe32ab0000 - 0x00007ffe32abc000 	C:\Program Files\Microsoft\jdk-17.0.11.9-hotspot\bin\vcruntime140_1.dll
0x00007ffe11600000 - 0x00007ffe1168d000 	C:\Program Files\Microsoft\jdk-17.0.11.9-hotspot\bin\msvcp140.dll
0x00007ffe0b620000 - 0x00007ffe0c286000 	C:\Program Files\Microsoft\jdk-17.0.11.9-hotspot\bin\server\jvm.dll
0x00007ffe36c90000 - 0x00007ffe36d40000 	C:\WINDOWS\System32\ADVAPI32.dll
0x00007ffe37fd0000 - 0x00007ffe38070000 	C:\WINDOWS\System32\sechost.dll
0x00007ffe362c0000 - 0x00007ffe363e3000 	C:\WINDOWS\System32\RPCRT4.dll
0x00007ffe35a60000 - 0x00007ffe35a87000 	C:\WINDOWS\System32\bcrypt.dll
0x00007ffe355c0000 - 0x00007ffe3560b000 	C:\WINDOWS\SYSTEM32\POWRPROF.dll
0x00007ffe32b40000 - 0x00007ffe32b49000 	C:\WINDOWS\SYSTEM32\WSOCK32.dll
0x00007ffe36e60000 - 0x00007ffe36ecb000 	C:\WINDOWS\System32\WS2_32.dll
0x00007ffe28630000 - 0x00007ffe28657000 	C:\WINDOWS\SYSTEM32\WINMM.dll
0x00007ffe2c3c0000 - 0x00007ffe2c3ca000 	C:\WINDOWS\SYSTEM32\VERSION.dll
0x00007ffe355a0000 - 0x00007ffe355b2000 	C:\WINDOWS\SYSTEM32\UMPDC.dll
0x00007ffe33530000 - 0x00007ffe33542000 	C:\WINDOWS\SYSTEM32\kernel.appcore.dll
0x00007ffe32a90000 - 0x00007ffe32a9a000 	C:\Program Files\Microsoft\jdk-17.0.11.9-hotspot\bin\jimage.dll
0x00007ffe26250000 - 0x00007ffe26434000 	C:\WINDOWS\SYSTEM32\DBGHELP.DLL
0x00007ffe26210000 - 0x00007ffe26244000 	C:\WINDOWS\SYSTEM32\dbgcore.DLL
0x00007ffe35f60000 - 0x00007ffe35fe2000 	C:\WINDOWS\System32\bcryptPrimitives.dll
0x00007ffe1be10000 - 0x00007ffe1be35000 	C:\Program Files\Microsoft\jdk-17.0.11.9-hotspot\bin\java.dll
0x00007ffe10160000 - 0x00007ffe10237000 	C:\Program Files\Microsoft\jdk-17.0.11.9-hotspot\bin\jsvml.dll
0x00007ffe371b0000 - 0x00007ffe3791c000 	C:\WINDOWS\System32\SHELL32.dll
0x00007ffe33810000 - 0x00007ffe33fad000 	C:\WINDOWS\SYSTEM32\windows.storage.dll
0x00007ffe363f0000 - 0x00007ffe36743000 	C:\WINDOWS\System32\combase.dll
0x00007ffe350c0000 - 0x00007ffe350ee000 	C:\WINDOWS\SYSTEM32\Wldp.dll
0x00007ffe37e40000 - 0x00007ffe37f0d000 	C:\WINDOWS\System32\OLEAUT32.dll
0x00007ffe379d0000 - 0x00007ffe37a7d000 	C:\WINDOWS\System32\SHCORE.dll
0x00007ffe36da0000 - 0x00007ffe36df5000 	C:\WINDOWS\System32\shlwapi.dll
0x00007ffe356a0000 - 0x00007ffe356c4000 	C:\WINDOWS\SYSTEM32\profapi.dll
0x00007ffe27060000 - 0x00007ffe27079000 	C:\Program Files\Microsoft\jdk-17.0.11.9-hotspot\bin\net.dll
0x00007ffe2f9a0000 - 0x00007ffe2faaa000 	C:\WINDOWS\SYSTEM32\WINHTTP.dll
0x00007ffe34e20000 - 0x00007ffe34e8a000 	C:\WINDOWS\system32\mswsock.dll
0x00007ffe1b460000 - 0x00007ffe1b476000 	C:\Program Files\Microsoft\jdk-17.0.11.9-hotspot\bin\nio.dll
0x00007ffe134e0000 - 0x00007ffe134f8000 	C:\Program Files\Microsoft\jdk-17.0.11.9-hotspot\bin\zip.dll
0x00007ffe32a70000 - 0x00007ffe32a80000 	C:\Program Files\Microsoft\jdk-17.0.11.9-hotspot\bin\verify.dll

dbghelp: loaded successfully - version: 4.0.5 - missing functions: none
symbol engine: initialized successfully - sym options: 0x614 - pdb path: .;C:\Program Files\Microsoft\jdk-17.0.11.9-hotspot\bin;C:\WINDOWS\SYSTEM32;C:\WINDOWS\WinSxS\amd64_microsoft.windows.common-controls_6595b64144ccf1df_6.0.19041.4355_none_60b8b9eb71f62e16;C:\Program Files\Microsoft\jdk-17.0.11.9-hotspot\bin\server

VM Arguments:
java_command: org.jetbrains.kotlin.cli.jvm.K2JVMCompiler @E:\servicei\myapp\node_modules\react-native-screens\android\build\20240626_15528735286459871555.compiler.options
java_class_path (initial): C:\Users\ADMIN\.gradle\caches\modules-2\files-2.1\org.jetbrains.kotlin\kotlin-compiler-embeddable\1.9.22\9cd4dc7773cf2a99ecd961a88fbbc9a2da3fb5e1\kotlin-compiler-embeddable-1.9.22.jar;C:\Users\ADMIN\.gradle\caches\modules-2\files-2.1\org.jetbrains.kotlin\kotlin-stdlib\1.9.22\d6c44cd08d8f3f9bece8101216dbe6553365c6e3\kotlin-stdlib-1.9.22.jar;C:\Users\ADMIN\.gradle\caches\modules-2\files-2.1\org.jetbrains.kotlin\kotlin-script-runtime\1.9.22\f8139a46fc677ec9badc49ae954392f4f5e7e7c7\kotlin-script-runtime-1.9.22.jar;C:\Users\ADMIN\.gradle\caches\modules-2\files-2.1\org.jetbrains.kotlin\kotlin-reflect\1.6.10\1cbe9c92c12a94eea200d23c2bbaedaf3daf5132\kotlin-reflect-1.6.10.jar;C:\Users\ADMIN\.gradle\caches\modules-2\files-2.1\org.jetbrains.kotlin\kotlin-daemon-embeddable\1.9.22\20e2c5df715f3240c765cfc222530e2796542021\kotlin-daemon-embeddable-1.9.22.jar;C:\Users\ADMIN\.gradle\caches\modules-2\files-2.1\org.jetbrains.intellij.deps\trove4j\1.0.20200330\3afb14d5f9ceb459d724e907a21145e8ff394f02\trove4j-1.0.20200330.jar;C:\Users\ADMIN\.gradle\caches\modules-2\files-2.1\org.jetbrains\annotations\13.0\919f0dfe192fb4e063e7dacadee7f8bb9a2672a9\annotations-13.0.jar
Launcher Type: SUN_STANDARD

[Global flags]
     intx CICompilerCount                          = 3                                         {product} {ergonomic}
     uint ConcGCThreads                            = 1                                         {product} {ergonomic}
     uint G1ConcRefinementThreads                  = 4                                         {product} {ergonomic}
   size_t G1HeapRegionSize                         = 1048576                                   {product} {ergonomic}
    uintx GCDrainStackTargetSize                   = 64                                        {product} {ergonomic}
   size_t InitialHeapSize                          = 125829120                                 {product} {ergonomic}
   size_t MarkStackSize                            = 4194304                                   {product} {ergonomic}
   size_t MaxHeapSize                              = 2000683008                                {product} {ergonomic}
   size_t MaxNewSize                               = 1199570944                                {product} {ergonomic}
   size_t MinHeapDeltaBytes                        = 1048576                                   {product} {ergonomic}
   size_t MinHeapSize                              = 8388608                                   {product} {ergonomic}
    uintx NonNMethodCodeHeapSize                   = 5832780                                {pd product} {ergonomic}
    uintx NonProfiledCodeHeapSize                  = 122912730                              {pd product} {ergonomic}
    uintx ProfiledCodeHeapSize                     = 122912730                              {pd product} {ergonomic}
    uintx ReservedCodeCacheSize                    = 251658240                              {pd product} {ergonomic}
     bool SegmentedCodeCache                       = true                                      {product} {ergonomic}
   size_t SoftMaxHeapSize                          = 2000683008                             {manageable} {ergonomic}
     bool UseCompressedClassPointers               = true                           {product lp64_product} {ergonomic}
     bool UseCompressedOops                        = true                           {product lp64_product} {ergonomic}
     bool UseG1GC                                  = true                                      {product} {ergonomic}
     bool UseLargePagesIndividualAllocation        = false                                  {pd product} {ergonomic}

Logging:
Log output configuration:
 #0: stdout all=warning uptime,level,tags
 #1: stderr all=off uptime,level,tags

Environment Variables:
JAVA_HOME=C:\Program Files\Microsoft\jdk-17.0.11.9-hotspot\
CLASSPATH=E:\servicei\myapp\android\\gradle\wrapper\gradle-wrapper.jar
PATH=E:\servicei\myapp\node_modules\.bin;E:\servicei\node_modules\.bin;E:\node_modules\.bin;C:\Users\ADMIN\AppData\Roaming\nvm\v22.3.0\node_modules\npm\node_modules\@npmcli\run-script\lib\node-gyp-bin;C:\Program Files\Microsoft\jdk-17.0.11.9-hotspot\bin;C:\Program Files\Common Files\Oracle\Java\javapath;C:\WINDOWS\system32;C:\WINDOWS;C:\WINDOWS\System32\Wbem;C:\WINDOWS\System32\WindowsPowerShell\v1.0\;C:\WINDOWS\System32\OpenSSH\;C:\ProgramData\chocolatey\bin;C:\xampp\php;C:\Users\ADMIN\AppData\Roaming\nvm;C:\Program Files\nodejs;C:\Users\ADMIN\AppData\Local\Android\Sdk\emulator;C:\Users\ADMIN\AppData\Local\Android\Sdk\platform-tools;C:\Program Files\Git\cmd;C:\Users\ADMIN\AppData\Local\Android\Sdk\tools;C:\Users\ADMIN\AppData\Local\Android\Sdk\tools;C:\Users\ADMIN\AppData\Local\Android\Sdk\tools;C:\Users\ADMIN\AppData\Local\Microsoft\WindowsApps;C:\Users\ADMIN\AppData\Local\GitHubDesktop\bin;C:\Users\ADMIN\AppData\Roaming\npm;C:\Program Files\Azure Data Studio\bin;C:\Users\ADMIN\AppData\Local\Programs\Microsoft VS Code\bin
USERNAME=ADMIN
LANG=en_US.UTF-8
OS=Windows_NT
PROCESSOR_IDENTIFIER=Intel64 Family 6 Model 58 Stepping 9, GenuineIntel
TMP=C:\Users\ADMIN\AppData\Local\Temp
TEMP=C:\Users\ADMIN\AppData\Local\Temp



Periodic native trim disabled


---------------  S Y S T E M  ---------------

OS:
 Windows 10 , 64 bit Build 19041 (10.0.19041.3636)
OS uptime: 0 days 5:55 hours

CPU: total 4 (initial active 4) (4 cores per cpu, 1 threads per core) family 6 model 58 stepping 9 microcode 0x21, cx8, cmov, fxsr, mmx, sse, sse2, sse3, ssse3, sse4.1, sse4.2, popcnt, tsc, tscinvbit, avx, aes, erms, clmul, vzeroupper, clflush
Processor Information for all 4 processors :
  Max Mhz: 3201, Current Mhz: 3201, Mhz Limit: 3201

Memory: 4k page, system-wide physical 7631M (615M free)
TotalPageFile size 11727M (AvailPageFile size 3M)
current process WorkingSet (physical memory assigned to process): 117M, peak: 117M
current process commit charge ("private bytes"): 226M, peak: 226M

vm_info: OpenJDK 64-Bit Server VM (17.0.11+9-LTS) for windows-amd64 JRE (17.0.11+9-LTS), built on Apr  9 2024 22:05:54 by "MicrosoftCorporation" with MS VC++ 16.10 / 16.11 (VS2019)

END.
