#
# There is insufficient memory for the Java Runtime Environment to continue.
# Native memory allocation (malloc) failed to allocate 32744 bytes. Error detail: ChunkPool::allocate
# Possible reasons:
#   The system is out of physical RAM or swap space
#   This process is running with CompressedOops enabled, and the Java Heap may be blocking the growth of the native heap
# Possible solutions:
#   Reduce memory load on the system
#   Increase physical memory or swap space
#   Check if swap backing store is full
#   Decrease Java heap size (-Xmx/-Xms)
#   Decrease number of Java threads
#   Decrease Java thread stack sizes (-Xss)
#   Set larger code cache with -XX:ReservedCodeCacheSize=
#   JVM is running with Unscaled Compressed Oops mode in which the Java heap is
#     placed in the first 4GB address space. The Java Heap base address is the
#     maximum limit for the native heap growth. Please use -XX:HeapBaseMinAddress
#     to set the Java Heap base and to place the Java Heap above 4GB virtual address.
# This output file may be truncated or incomplete.
#
#  Out of Memory Error (arena.cpp:79), pid=6660, tid=6760
#
# JRE version: OpenJDK Runtime Environment Microsoft-9388408 (17.0.11+9) (build 17.0.11+9-LTS)
# Java VM: OpenJDK 64-Bit Server VM Microsoft-9388408 (17.0.11+9-LTS, mixed mode, sharing, tiered, compressed oops, compressed class ptrs, g1 gc, windows-amd64)
# No core dump will be written. Minidumps are not enabled by default on client versions of Windows
#

---------------  S U M M A R Y ------------

Command Line: org.jetbrains.kotlin.cli.jvm.K2JVMCompiler @E:\servicei\myapp\node_modules\react-native-screens\android\build\20240626_16598283485682109362.compiler.options

Host: Intel(R) Core(TM) i5-3470 CPU @ 3.20GHz, 4 cores, 7G,  Windows 10 , 64 bit Build 19041 (10.0.19041.3636)
Time: Wed Jun 26 17:39:58 2024 India Standard Time elapsed time: 5.710740 seconds (0d 0h 0m 5s)

---------------  T H R E A D  ---------------

Current thread (0x00000280b209b650):  JavaThread "C2 CompilerThread0" daemon [_thread_in_native, id=6760, stack(0x00000094a6e00000,0x00000094a6f00000)]


Current CompileTask:
C2:   5710 3415       4       org.jetbrains.kotlin.com.intellij.lang.impl.PsiBuilderImpl$StartMarker::done (46 bytes)

Stack: [0x00000094a6e00000,0x00000094a6f00000]
Native frames: (J=compiled Java code, j=interpreted, Vv=VM code, C=native code)
V  [jvm.dll+0x67f6d9]
V  [jvm.dll+0x83773a]
V  [jvm.dll+0x8391fe]
V  [jvm.dll+0x839863]
V  [jvm.dll+0x247fbf]
V  [jvm.dll+0xac741]
V  [jvm.dll+0xacb8c]
V  [jvm.dll+0x60ab70]
V  [jvm.dll+0x60ad09]
V  [jvm.dll+0x610907]
V  [jvm.dll+0x611792]
V  [jvm.dll+0x60fcca]
V  [jvm.dll+0x21a448]
V  [jvm.dll+0x219a11]
V  [jvm.dll+0x1a5396]
V  [jvm.dll+0x2297cd]
V  [jvm.dll+0x22799c]
V  [jvm.dll+0x7ec8b7]
V  [jvm.dll+0x7e6cba]
V  [jvm.dll+0x67e5c5]
C  [ucrtbase.dll+0x21bb2]
C  [KERNEL32.DLL+0x17344]
C  [ntdll.dll+0x4cc91]


---------------  P R O C E S S  ---------------

Threads class SMR info:
_java_thread_list=0x00000280f84eb810, length=13, elements={
0x00000280949e0990, 0x00000280b207c600, 0x00000280b207d280, 0x00000280b2093010,
0x00000280b2093ba0, 0x00000280b2095b80, 0x00000280b209a550, 0x00000280b209b650,
0x00000280b20a8a20, 0x00000280b20c9430, 0x00000280b22f82a0, 0x00000280b22f8fe0,
0x00000280f98e1200
}

Java Threads: ( => current thread )
  0x00000280949e0990 JavaThread "main" [_thread_in_vm, id=15488, stack(0x00000094a6100000,0x00000094a6200000)]
  0x00000280b207c600 JavaThread "Reference Handler" daemon [_thread_blocked, id=6340, stack(0x00000094a6800000,0x00000094a6900000)]
  0x00000280b207d280 JavaThread "Finalizer" daemon [_thread_blocked, id=7504, stack(0x00000094a6900000,0x00000094a6a00000)]
  0x00000280b2093010 JavaThread "Signal Dispatcher" daemon [_thread_blocked, id=3368, stack(0x00000094a6a00000,0x00000094a6b00000)]
  0x00000280b2093ba0 JavaThread "Attach Listener" daemon [_thread_blocked, id=10300, stack(0x00000094a6b00000,0x00000094a6c00000)]
  0x00000280b2095b80 JavaThread "Service Thread" daemon [_thread_blocked, id=9660, stack(0x00000094a6c00000,0x00000094a6d00000)]
  0x00000280b209a550 JavaThread "Monitor Deflation Thread" daemon [_thread_blocked, id=12336, stack(0x00000094a6d00000,0x00000094a6e00000)]
=>0x00000280b209b650 JavaThread "C2 CompilerThread0" daemon [_thread_in_native, id=6760, stack(0x00000094a6e00000,0x00000094a6f00000)]
  0x00000280b20a8a20 JavaThread "C1 CompilerThread0" daemon [_thread_blocked, id=6992, stack(0x00000094a6f00000,0x00000094a7000000)]
  0x00000280b20c9430 JavaThread "Sweeper thread" daemon [_thread_blocked, id=13932, stack(0x00000094a7000000,0x00000094a7100000)]
  0x00000280b22f82a0 JavaThread "Notification Thread" daemon [_thread_blocked, id=11520, stack(0x00000094a7100000,0x00000094a7200000)]
  0x00000280b22f8fe0 JavaThread "Common-Cleaner" daemon [_thread_blocked, id=15380, stack(0x00000094a7300000,0x00000094a7400000)]
  0x00000280f98e1200 JavaThread "C2 CompilerThread1" daemon [_thread_in_native, id=808, stack(0x00000094a7400000,0x00000094a7500000)]

Other Threads:
  0x00000280b20756e0 VMThread "VM Thread" [stack: 0x00000094a6700000,0x00000094a6800000] [id=4620] _threads_hazard_ptr=0x00000280f84eb810
  0x00000280b22f8b90 WatcherThread [stack: 0x00000094a7200000,0x00000094a7300000] [id=12472]
  0x0000028094a35d10 GCTaskThread "GC Thread#0" [stack: 0x00000094a6200000,0x00000094a6300000] [id=15096]
  0x00000280b270e450 GCTaskThread "GC Thread#1" [stack: 0x00000094a7500000,0x00000094a7600000] [id=11916]
  0x00000280b2718050 GCTaskThread "GC Thread#2" [stack: 0x00000094a7600000,0x00000094a7700000] [id=1964]
  0x00000280b2718310 GCTaskThread "GC Thread#3" [stack: 0x00000094a7700000,0x00000094a7800000] [id=7456]
  0x0000028094a45ae0 ConcurrentGCThread "G1 Main Marker" [stack: 0x00000094a6300000,0x00000094a6400000] [id=4076]
  0x0000028094a46500 ConcurrentGCThread "G1 Conc#0" [stack: 0x00000094a6400000,0x00000094a6500000] [id=13868]
  0x00000280b1f360c0 ConcurrentGCThread "G1 Refine#0" [stack: 0x00000094a6500000,0x00000094a6600000] [id=10144]
  0x00000280b1f36af0 ConcurrentGCThread "G1 Service" [stack: 0x00000094a6600000,0x00000094a6700000] [id=8720]

Threads with active compile tasks:
C2 CompilerThread0     5836 3415       4       org.jetbrains.kotlin.com.intellij.lang.impl.PsiBuilderImpl$StartMarker::done (46 bytes)
C2 CompilerThread1     5836 3412       4       org.jetbrains.kotlin.com.intellij.lang.java.lexer.JavaLexer::locateToken (548 bytes)

VM state: synchronizing (normal execution)

VM Mutex/Monitor currently owned by a thread:  ([mutex/lock_event])
[0x00000280949daef0] Metaspace_lock - owner thread: 0x00000280949e0990
[0x00000280949dbbe0] Threads_lock - owner thread: 0x00000280b20756e0
[0x00000280949db520] Heap_lock - owner thread: 0x0000028094a45ae0

Heap address: 0x0000000088c00000, size: 1908 MB, Compressed Oops mode: 32-bit

CDS archive(s) mapped at: [0x00000280b3000000-0x00000280b3bb0000-0x00000280b3bb0000), size 12255232, SharedBaseAddress: 0x00000280b3000000, ArchiveRelocationMode: 1.
Compressed class space mapped at: 0x00000280b4000000-0x00000280f4000000, reserved size: 1073741824
Narrow klass base: 0x00000280b3000000, Narrow klass shift: 0, Narrow klass range: 0x100000000

GC Precious Log:
 CPUs: 4 total, 4 available
 Memory: 7631M
 Large Page Support: Disabled
 NUMA Support: Disabled
 Compressed Oops: Enabled (32-bit)
 Heap Region Size: 1M
 Heap Min Capacity: 8M
 Heap Initial Capacity: 120M
 Heap Max Capacity: 1908M
 Pre-touch: Disabled
 Parallel Workers: 4
 Concurrent Workers: 1
 Concurrent Refinement Workers: 4
 Periodic GC: Disabled

Heap:
 garbage-first heap   total 110592K, used 28062K [0x0000000088c00000, 0x0000000100000000)
  region size 1024K, 6 young (6144K), 5 survivors (5120K)
 Metaspace       used 35897K, committed 36160K, reserved 1114112K
  class space    used 4380K, committed 4544K, reserved 1048576K

Heap Regions: E=young(eden), S=young(survivor), O=old, HS=humongous(starts), HC=humongous(continues), CS=collection set, F=free, OA=open archive, CA=closed archive, TAMS=top-at-mark-start (previous, next)
|   0|0x0000000088c00000, 0x0000000088d00000, 0x0000000088d00000|100%|HS|  |TAMS 0x0000000088d00000, 0x0000000088d00000| Complete 
|   1|0x0000000088d00000, 0x0000000088e00000, 0x0000000088e00000|100%|HC|  |TAMS 0x0000000088e00000, 0x0000000088e00000| Complete 
|   2|0x0000000088e00000, 0x0000000088f00000, 0x0000000088f00000|100%|HC|  |TAMS 0x0000000088f00000, 0x0000000088f00000| Complete 
|   3|0x0000000088f00000, 0x0000000089000000, 0x0000000089000000|100%|HC|  |TAMS 0x0000000089000000, 0x0000000089000000| Complete 
|   4|0x0000000089000000, 0x0000000089100000, 0x0000000089100000|100%| O|  |TAMS 0x0000000089100000, 0x0000000089100000| Untracked 
|   5|0x0000000089100000, 0x0000000089200000, 0x0000000089200000|100%| O|  |TAMS 0x0000000089200000, 0x0000000089200000| Untracked 
|   6|0x0000000089200000, 0x0000000089300000, 0x0000000089300000|100%| O|  |TAMS 0x0000000089200000, 0x0000000089300000| Untracked 
|   7|0x0000000089300000, 0x0000000089400000, 0x0000000089400000|100%| O|  |TAMS 0x0000000089300000, 0x0000000089400000| Untracked 
|   8|0x0000000089400000, 0x0000000089500000, 0x0000000089500000|100%| O|  |TAMS 0x0000000089400000, 0x0000000089500000| Untracked 
|   9|0x0000000089500000, 0x0000000089600000, 0x0000000089600000|100%| O|  |TAMS 0x0000000089500000, 0x0000000089600000| Untracked 
|  10|0x0000000089600000, 0x0000000089700000, 0x0000000089700000|100%| O|  |TAMS 0x0000000089600000, 0x0000000089700000| Untracked 
|  11|0x0000000089700000, 0x0000000089800000, 0x0000000089800000|100%| O|  |TAMS 0x0000000089700000, 0x0000000089800000| Untracked 
|  12|0x0000000089800000, 0x0000000089900000, 0x0000000089900000|100%| O|  |TAMS 0x0000000089800000, 0x0000000089900000| Untracked 
|  13|0x0000000089900000, 0x0000000089a00000, 0x0000000089a00000|100%| O|  |TAMS 0x0000000089900000, 0x0000000089a00000| Untracked 
|  14|0x0000000089a00000, 0x0000000089b00000, 0x0000000089b00000|100%| O|  |TAMS 0x0000000089a00000, 0x0000000089b00000| Untracked 
|  15|0x0000000089b00000, 0x0000000089c00000, 0x0000000089c00000|100%| O|  |TAMS 0x0000000089b00000, 0x0000000089c00000| Untracked 
|  16|0x0000000089c00000, 0x0000000089d00000, 0x0000000089d00000|100%| O|  |TAMS 0x0000000089c00000, 0x0000000089d00000| Untracked 
|  17|0x0000000089d00000, 0x0000000089e00000, 0x0000000089e00000|100%| O|  |TAMS 0x0000000089d00000, 0x0000000089e00000| Untracked 
|  18|0x0000000089e00000, 0x0000000089f00000, 0x0000000089f00000|100%|HS|  |TAMS 0x0000000089e00000, 0x0000000089f00000| Complete 
|  19|0x0000000089f00000, 0x000000008a000000, 0x000000008a000000|100%|HC|  |TAMS 0x0000000089f00000, 0x000000008a000000| Complete 
|  20|0x000000008a000000, 0x000000008a100000, 0x000000008a100000|100%| O|  |TAMS 0x000000008a000000, 0x000000008a100000| Untracked 
|  21|0x000000008a100000, 0x000000008a200000, 0x000000008a200000|100%| O|  |TAMS 0x000000008a100000, 0x000000008a200000| Untracked 
|  22|0x000000008a200000, 0x000000008a2ddc00, 0x000000008a300000| 86%| O|  |TAMS 0x000000008a200000, 0x000000008a2ddc00| Untracked 
|  23|0x000000008a300000, 0x000000008a300000, 0x000000008a400000|  0%| F|  |TAMS 0x000000008a300000, 0x000000008a300000| Untracked 
|  24|0x000000008a400000, 0x000000008a400000, 0x000000008a500000|  0%| F|  |TAMS 0x000000008a400000, 0x000000008a400000| Untracked 
|  25|0x000000008a500000, 0x000000008a500000, 0x000000008a600000|  0%| F|  |TAMS 0x000000008a500000, 0x000000008a500000| Untracked 
|  26|0x000000008a600000, 0x000000008a600000, 0x000000008a700000|  0%| F|  |TAMS 0x000000008a600000, 0x000000008a600000| Untracked 
|  27|0x000000008a700000, 0x000000008a700000, 0x000000008a800000|  0%| F|  |TAMS 0x000000008a700000, 0x000000008a700000| Untracked 
|  28|0x000000008a800000, 0x000000008a800000, 0x000000008a900000|  0%| F|  |TAMS 0x000000008a800000, 0x000000008a800000| Untracked 
|  29|0x000000008a900000, 0x000000008a900000, 0x000000008aa00000|  0%| F|  |TAMS 0x000000008a900000, 0x000000008a900000| Untracked 
|  30|0x000000008aa00000, 0x000000008aa00000, 0x000000008ab00000|  0%| F|  |TAMS 0x000000008aa00000, 0x000000008aa00000| Untracked 
|  31|0x000000008ab00000, 0x000000008ab00000, 0x000000008ac00000|  0%| F|  |TAMS 0x000000008ab00000, 0x000000008ab00000| Untracked 
|  32|0x000000008ac00000, 0x000000008ac00000, 0x000000008ad00000|  0%| F|  |TAMS 0x000000008ac00000, 0x000000008ac00000| Untracked 
|  33|0x000000008ad00000, 0x000000008ad00000, 0x000000008ae00000|  0%| F|  |TAMS 0x000000008ad00000, 0x000000008ad00000| Untracked 
|  34|0x000000008ae00000, 0x000000008ae00000, 0x000000008af00000|  0%| F|  |TAMS 0x000000008ae00000, 0x000000008ae00000| Untracked 
|  35|0x000000008af00000, 0x000000008af00000, 0x000000008b000000|  0%| F|  |TAMS 0x000000008af00000, 0x000000008af00000| Untracked 
|  36|0x000000008b000000, 0x000000008b000000, 0x000000008b100000|  0%| F|  |TAMS 0x000000008b000000, 0x000000008b000000| Untracked 
|  37|0x000000008b100000, 0x000000008b100000, 0x000000008b200000|  0%| F|  |TAMS 0x000000008b100000, 0x000000008b100000| Untracked 
|  38|0x000000008b200000, 0x000000008b200000, 0x000000008b300000|  0%| F|  |TAMS 0x000000008b200000, 0x000000008b200000| Untracked 
|  39|0x000000008b300000, 0x000000008b300000, 0x000000008b400000|  0%| F|  |TAMS 0x000000008b300000, 0x000000008b300000| Untracked 
|  40|0x000000008b400000, 0x000000008b400000, 0x000000008b500000|  0%| F|  |TAMS 0x000000008b400000, 0x000000008b400000| Untracked 
|  41|0x000000008b500000, 0x000000008b500000, 0x000000008b600000|  0%| F|  |TAMS 0x000000008b500000, 0x000000008b500000| Untracked 
|  42|0x000000008b600000, 0x000000008b600000, 0x000000008b700000|  0%| F|  |TAMS 0x000000008b600000, 0x000000008b600000| Untracked 
|  43|0x000000008b700000, 0x000000008b700000, 0x000000008b800000|  0%| F|  |TAMS 0x000000008b700000, 0x000000008b700000| Untracked 
|  44|0x000000008b800000, 0x000000008b800000, 0x000000008b900000|  0%| F|  |TAMS 0x000000008b800000, 0x000000008b800000| Untracked 
|  45|0x000000008b900000, 0x000000008b900000, 0x000000008ba00000|  0%| F|  |TAMS 0x000000008b900000, 0x000000008b900000| Untracked 
|  46|0x000000008ba00000, 0x000000008ba00000, 0x000000008bb00000|  0%| F|  |TAMS 0x000000008ba00000, 0x000000008ba00000| Untracked 
|  47|0x000000008bb00000, 0x000000008bb00000, 0x000000008bc00000|  0%| F|  |TAMS 0x000000008bb00000, 0x000000008bb00000| Untracked 
|  48|0x000000008bc00000, 0x000000008bc00000, 0x000000008bd00000|  0%| F|  |TAMS 0x000000008bc00000, 0x000000008bc00000| Untracked 
|  49|0x000000008bd00000, 0x000000008bd00000, 0x000000008be00000|  0%| F|  |TAMS 0x000000008bd00000, 0x000000008bd00000| Untracked 
|  50|0x000000008be00000, 0x000000008be00000, 0x000000008bf00000|  0%| F|  |TAMS 0x000000008be00000, 0x000000008be00000| Untracked 
|  51|0x000000008bf00000, 0x000000008bf00000, 0x000000008c000000|  0%| F|  |TAMS 0x000000008bf00000, 0x000000008bf00000| Untracked 
|  52|0x000000008c000000, 0x000000008c000000, 0x000000008c100000|  0%| F|  |TAMS 0x000000008c000000, 0x000000008c000000| Untracked 
|  53|0x000000008c100000, 0x000000008c100000, 0x000000008c200000|  0%| F|  |TAMS 0x000000008c100000, 0x000000008c100000| Untracked 
|  54|0x000000008c200000, 0x000000008c200000, 0x000000008c300000|  0%| F|  |TAMS 0x000000008c200000, 0x000000008c200000| Untracked 
|  55|0x000000008c300000, 0x000000008c300000, 0x000000008c400000|  0%| F|  |TAMS 0x000000008c300000, 0x000000008c300000| Untracked 
|  56|0x000000008c400000, 0x000000008c400000, 0x000000008c500000|  0%| F|  |TAMS 0x000000008c400000, 0x000000008c400000| Untracked 
|  57|0x000000008c500000, 0x000000008c500000, 0x000000008c600000|  0%| F|  |TAMS 0x000000008c500000, 0x000000008c500000| Untracked 
|  58|0x000000008c600000, 0x000000008c600000, 0x000000008c700000|  0%| F|  |TAMS 0x000000008c600000, 0x000000008c600000| Untracked 
|  59|0x000000008c700000, 0x000000008c700000, 0x000000008c800000|  0%| F|  |TAMS 0x000000008c700000, 0x000000008c700000| Untracked 
|  60|0x000000008c800000, 0x000000008c800000, 0x000000008c900000|  0%| F|  |TAMS 0x000000008c800000, 0x000000008c800000| Untracked 
|  61|0x000000008c900000, 0x000000008c900000, 0x000000008ca00000|  0%| F|  |TAMS 0x000000008c900000, 0x000000008c900000| Untracked 
|  62|0x000000008ca00000, 0x000000008ca00000, 0x000000008cb00000|  0%| F|  |TAMS 0x000000008ca00000, 0x000000008ca00000| Untracked 
|  63|0x000000008cb00000, 0x000000008cb00000, 0x000000008cc00000|  0%| F|  |TAMS 0x000000008cb00000, 0x000000008cb00000| Untracked 
|  64|0x000000008cc00000, 0x000000008cc00000, 0x000000008cd00000|  0%| F|  |TAMS 0x000000008cc00000, 0x000000008cc00000| Untracked 
|  65|0x000000008cd00000, 0x000000008cd00000, 0x000000008ce00000|  0%| F|  |TAMS 0x000000008cd00000, 0x000000008cd00000| Untracked 
|  66|0x000000008ce00000, 0x000000008ce00000, 0x000000008cf00000|  0%| F|  |TAMS 0x000000008ce00000, 0x000000008ce00000| Untracked 
|  67|0x000000008cf00000, 0x000000008cf00000, 0x000000008d000000|  0%| F|  |TAMS 0x000000008cf00000, 0x000000008cf00000| Untracked 
|  68|0x000000008d000000, 0x000000008d000000, 0x000000008d100000|  0%| F|  |TAMS 0x000000008d000000, 0x000000008d000000| Untracked 
|  69|0x000000008d100000, 0x000000008d100000, 0x000000008d200000|  0%| F|  |TAMS 0x000000008d100000, 0x000000008d100000| Untracked 
|  70|0x000000008d200000, 0x000000008d200000, 0x000000008d300000|  0%| F|  |TAMS 0x000000008d200000, 0x000000008d200000| Untracked 
|  71|0x000000008d300000, 0x000000008d300000, 0x000000008d400000|  0%| F|  |TAMS 0x000000008d300000, 0x000000008d300000| Untracked 
|  72|0x000000008d400000, 0x000000008d400000, 0x000000008d500000|  0%| F|  |TAMS 0x000000008d400000, 0x000000008d400000| Untracked 
|  73|0x000000008d500000, 0x000000008d500000, 0x000000008d600000|  0%| F|  |TAMS 0x000000008d500000, 0x000000008d500000| Untracked 
|  74|0x000000008d600000, 0x000000008d600000, 0x000000008d700000|  0%| F|  |TAMS 0x000000008d600000, 0x000000008d600000| Untracked 
|  75|0x000000008d700000, 0x000000008d700000, 0x000000008d800000|  0%| F|  |TAMS 0x000000008d700000, 0x000000008d700000| Untracked 
|  76|0x000000008d800000, 0x000000008d800000, 0x000000008d900000|  0%| F|  |TAMS 0x000000008d800000, 0x000000008d800000| Untracked 
|  77|0x000000008d900000, 0x000000008d900000, 0x000000008da00000|  0%| F|  |TAMS 0x000000008d900000, 0x000000008d900000| Untracked 
|  78|0x000000008da00000, 0x000000008da00000, 0x000000008db00000|  0%| F|  |TAMS 0x000000008da00000, 0x000000008da00000| Untracked 
|  79|0x000000008db00000, 0x000000008db00000, 0x000000008dc00000|  0%| F|  |TAMS 0x000000008db00000, 0x000000008db00000| Untracked 
|  80|0x000000008dc00000, 0x000000008dc00000, 0x000000008dd00000|  0%| F|  |TAMS 0x000000008dc00000, 0x000000008dc00000| Untracked 
|  81|0x000000008dd00000, 0x000000008dd00000, 0x000000008de00000|  0%| F|  |TAMS 0x000000008dd00000, 0x000000008dd00000| Untracked 
|  82|0x000000008de00000, 0x000000008de00000, 0x000000008df00000|  0%| F|  |TAMS 0x000000008de00000, 0x000000008de00000| Untracked 
|  83|0x000000008df00000, 0x000000008df00000, 0x000000008e000000|  0%| F|  |TAMS 0x000000008df00000, 0x000000008df00000| Untracked 
|  84|0x000000008e000000, 0x000000008e000000, 0x000000008e100000|  0%| F|  |TAMS 0x000000008e000000, 0x000000008e000000| Untracked 
|  85|0x000000008e100000, 0x000000008e100000, 0x000000008e200000|  0%| F|  |TAMS 0x000000008e100000, 0x000000008e100000| Untracked 
|  86|0x000000008e200000, 0x000000008e200000, 0x000000008e300000|  0%| F|  |TAMS 0x000000008e200000, 0x000000008e200000| Untracked 
|  87|0x000000008e300000, 0x000000008e300000, 0x000000008e400000|  0%| F|  |TAMS 0x000000008e300000, 0x000000008e300000| Untracked 
|  88|0x000000008e400000, 0x000000008e400000, 0x000000008e500000|  0%| F|  |TAMS 0x000000008e400000, 0x000000008e400000| Untracked 
|  89|0x000000008e500000, 0x000000008e500000, 0x000000008e600000|  0%| F|  |TAMS 0x000000008e500000, 0x000000008e500000| Untracked 
|  90|0x000000008e600000, 0x000000008e600000, 0x000000008e700000|  0%| F|  |TAMS 0x000000008e600000, 0x000000008e600000| Untracked 
|  91|0x000000008e700000, 0x000000008e700000, 0x000000008e800000|  0%| F|  |TAMS 0x000000008e700000, 0x000000008e700000| Untracked 
|  92|0x000000008e800000, 0x000000008e800000, 0x000000008e900000|  0%| F|  |TAMS 0x000000008e800000, 0x000000008e800000| Untracked 
|  93|0x000000008e900000, 0x000000008e900000, 0x000000008ea00000|  0%| F|  |TAMS 0x000000008e900000, 0x000000008e900000| Untracked 
|  94|0x000000008ea00000, 0x000000008ea00000, 0x000000008eb00000|  0%| F|  |TAMS 0x000000008ea00000, 0x000000008ea00000| Untracked 
|  95|0x000000008eb00000, 0x000000008eb89c70, 0x000000008ec00000| 53%| S|CS|TAMS 0x000000008eb00000, 0x000000008eb00000| Complete 
|  96|0x000000008ec00000, 0x000000008ed00000, 0x000000008ed00000|100%| S|CS|TAMS 0x000000008ec00000, 0x000000008ec00000| Complete 
|  97|0x000000008ed00000, 0x000000008ee00000, 0x000000008ee00000|100%| S|CS|TAMS 0x000000008ed00000, 0x000000008ed00000| Complete 
|  98|0x000000008ee00000, 0x000000008ef00000, 0x000000008ef00000|100%| S|CS|TAMS 0x000000008ee00000, 0x000000008ee00000| Complete 
|  99|0x000000008ef00000, 0x000000008f000000, 0x000000008f000000|100%| S|CS|TAMS 0x000000008ef00000, 0x000000008ef00000| Complete 
| 100|0x000000008f000000, 0x000000008f000000, 0x000000008f100000|  0%| F|  |TAMS 0x000000008f000000, 0x000000008f000000| Untracked 
| 101|0x000000008f100000, 0x000000008f100000, 0x000000008f200000|  0%| F|  |TAMS 0x000000008f100000, 0x000000008f100000| Untracked 
| 102|0x000000008f200000, 0x000000008f200000, 0x000000008f300000|  0%| F|  |TAMS 0x000000008f200000, 0x000000008f200000| Untracked 
| 103|0x000000008f300000, 0x000000008f300000, 0x000000008f400000|  0%| F|  |TAMS 0x000000008f300000, 0x000000008f300000| Untracked 
| 104|0x000000008f400000, 0x000000008f400000, 0x000000008f500000|  0%| F|  |TAMS 0x000000008f400000, 0x000000008f400000| Untracked 
| 105|0x000000008f500000, 0x000000008f500000, 0x000000008f600000|  0%| F|  |TAMS 0x000000008f500000, 0x000000008f500000| Untracked 
| 106|0x000000008f600000, 0x000000008f600000, 0x000000008f700000|  0%| F|  |TAMS 0x000000008f600000, 0x000000008f600000| Untracked 
| 119|0x0000000090300000, 0x0000000090380000, 0x0000000090400000| 50%| E|  |TAMS 0x0000000090300000, 0x0000000090300000| Complete 

Card table byte_map: [0x00000280ab8d0000,0x00000280abc90000] _byte_map_base: 0x00000280ab48a000

Marking Bits (Prev, Next): (CMBitMap*) 0x0000028094a36370, (CMBitMap*) 0x0000028094a36330
 Prev Bits: [0x00000280ade20000, 0x00000280afbf0000)
 Next Bits: [0x00000280ac050000, 0x00000280ade20000)

Polling page: 0x00000280929a0000

Metaspace:

Usage:
  Non-class:     30.78 MB used.
      Class:      4.28 MB used.
       Both:     35.06 MB used.

Virtual space:
  Non-class space:       64.00 MB reserved,      30.88 MB ( 48%) committed,  1 nodes.
      Class space:        1.00 GB reserved,       4.44 MB ( <1%) committed,  1 nodes.
             Both:        1.06 GB reserved,      35.31 MB (  3%) committed. 

Chunk freelists:
   Non-Class:  15.55 MB
       Class:  11.61 MB
        Both:  27.16 MB

MaxMetaspaceSize: unlimited
CompressedClassSpaceSize: 1.00 GB
Initial GC threshold: 21.00 MB
Current GC threshold: 35.56 MB
CDS: on
MetaspaceReclaimPolicy: balanced
 - commit_granule_bytes: 65536.
 - commit_granule_words: 8192.
 - virtual_space_node_default_size: 8388608.
 - enlarge_chunks_in_place: 1.
 - new_chunks_are_fully_committed: 0.
 - uncommit_free_chunks: 1.
 - use_allocation_guard: 0.
 - handle_deallocations: 1.


Internal statistics:

num_allocs_failed_limit: 6.
num_arena_births: 166.
num_arena_deaths: 0.
num_vsnodes_births: 2.
num_vsnodes_deaths: 0.
num_space_committed: 563.
num_space_uncommitted: 0.
num_chunks_returned_to_freelist: 6.
num_chunks_taken_from_freelist: 1379.
num_chunk_merges: 6.
num_chunk_splits: 1141.
num_chunks_enlarged: 1033.
num_inconsistent_stats: 0.

CodeHeap 'non-profiled nmethods': size=120000Kb used=1588Kb max_used=1588Kb free=118412Kb
 bounds [0x00000280a3fe0000, 0x00000280a4250000, 0x00000280ab510000]
CodeHeap 'profiled nmethods': size=120000Kb used=7287Kb max_used=7287Kb free=112713Kb
 bounds [0x000002809c510000, 0x000002809cc30000, 0x00000280a3a40000]
CodeHeap 'non-nmethods': size=5760Kb used=1254Kb max_used=1289Kb free=4506Kb
 bounds [0x00000280a3a40000, 0x00000280a3cb0000, 0x00000280a3fe0000]
 total_blobs=3977 nmethods=3416 adapters=473
 compilation: enabled
              stopped_count=0, restarted_count=0
 full_count=0

Compilation events (20 events):
Event: 5.636 Thread 0x00000280b20a8a20 nmethod 3404 0x000002809cc1a610 code [0x000002809cc1aa20, 0x000002809cc1c958]
Event: 5.636 Thread 0x00000280b20a8a20 3405   !   3       java.lang.invoke.AbstractValidatingLambdaMetafactory::<init> (559 bytes)
Event: 5.636 Thread 0x00000280b209b650 nmethod 3387 0x00000280a416b490 code [0x00000280a416b640, 0x00000280a416bd08]
Event: 5.640 Thread 0x00000280b20a8a20 nmethod 3405 0x000002809cc1d410 code [0x000002809cc1dda0, 0x000002809cc23c88]
Event: 5.640 Thread 0x00000280b20a8a20 3408       3       java.lang.invoke.MethodHandles$Lookup::linkMethodHandleConstant (223 bytes)
Event: 5.641 Thread 0x00000280b20a8a20 nmethod 3408 0x000002809cc25b10 code [0x000002809cc25ee0, 0x000002809cc27768]
Event: 5.641 Thread 0x00000280b20a8a20 3406   !   3       java.lang.invoke.MethodHandles$Lookup::canBeCached (150 bytes)
Event: 5.643 Thread 0x00000280b20a8a20 nmethod 3406 0x000002809cc27f10 code [0x000002809cc28360, 0x000002809cc2a808]
Event: 5.643 Thread 0x00000280b20a8a20 3407       3       java.lang.invoke.MethodHandles$Lookup::getDirectMethodNoSecurityManager (18 bytes)
Event: 5.643 Thread 0x00000280b20a8a20 nmethod 3407 0x000002809cc2b410 code [0x000002809cc2b5a0, 0x000002809cc2b6e8]
Event: 5.644 Thread 0x00000280b20a8a20 3409       3       java.util.regex.Pattern::next (33 bytes)
Event: 5.644 Thread 0x00000280b20a8a20 nmethod 3409 0x000002809cc2b790 code [0x000002809cc2b940, 0x000002809cc2bba8]
Event: 5.645 Thread 0x00000280b209b650 3410       4       org.jetbrains.kotlin.com.intellij.lang.java.lexer.JavaLexer::charAt (27 bytes)
Event: 5.645 Thread 0x00000280f98e1200 3411       4       org.jetbrains.kotlin.com.intellij.lang.java.lexer.JavaLexer::advance (10 bytes)
Event: 5.646 Thread 0x00000280f98e1200 nmethod 3411 0x00000280a416c090 code [0x00000280a416c220, 0x00000280a416c308]
Event: 5.646 Thread 0x00000280f98e1200 3412       4       org.jetbrains.kotlin.com.intellij.lang.java.lexer.JavaLexer::locateToken (548 bytes)
Event: 5.650 Thread 0x00000280b209b650 nmethod 3410 0x00000280a416c390 code [0x00000280a416c540, 0x00000280a416c8e8]
Event: 5.654 Thread 0x00000280b20a8a20 3413   !   3       java.lang.Class::desiredAssertionStatus (54 bytes)
Event: 5.655 Thread 0x00000280b20a8a20 nmethod 3413 0x000002809cc2bd10 code [0x000002809cc2bf00, 0x000002809cc2c438]
Event: 5.656 Thread 0x00000280b209b650 3415       4       org.jetbrains.kotlin.com.intellij.lang.impl.PsiBuilderImpl$StartMarker::done (46 bytes)

GC Heap History (14 events):
Event: 0.497 GC heap before
{Heap before GC invocations=0 (full 0):
 garbage-first heap   total 122880K, used 17408K [0x0000000088c00000, 0x0000000100000000)
  region size 1024K, 13 young (13312K), 0 survivors (0K)
 Metaspace       used 4379K, committed 4480K, reserved 1114112K
  class space    used 351K, committed 448K, reserved 1048576K
}
Event: 0.503 GC heap after
{Heap after GC invocations=1 (full 0):
 garbage-first heap   total 122880K, used 6452K [0x0000000088c00000, 0x0000000100000000)
  region size 1024K, 2 young (2048K), 2 survivors (2048K)
 Metaspace       used 4379K, committed 4480K, reserved 1114112K
  class space    used 351K, committed 448K, reserved 1048576K
}
Event: 1.050 GC heap before
{Heap before GC invocations=1 (full 0):
 garbage-first heap   total 122880K, used 21812K [0x0000000088c00000, 0x0000000100000000)
  region size 1024K, 18 young (18432K), 2 survivors (2048K)
 Metaspace       used 9133K, committed 9280K, reserved 1114112K
  class space    used 981K, committed 1024K, reserved 1048576K
}
Event: 1.053 GC heap after
{Heap after GC invocations=2 (full 0):
 garbage-first heap   total 122880K, used 7253K [0x0000000088c00000, 0x0000000100000000)
  region size 1024K, 1 young (1024K), 1 survivors (1024K)
 Metaspace       used 9133K, committed 9280K, reserved 1114112K
  class space    used 981K, committed 1024K, reserved 1048576K
}
Event: 3.162 GC heap before
{Heap before GC invocations=2 (full 0):
 garbage-first heap   total 122880K, used 65621K [0x0000000088c00000, 0x0000000100000000)
  region size 1024K, 57 young (58368K), 1 survivors (1024K)
 Metaspace       used 21369K, committed 21504K, reserved 1114112K
  class space    used 2876K, committed 2944K, reserved 1048576K
}
Event: 3.176 GC heap after
{Heap after GC invocations=3 (full 0):
 garbage-first heap   total 122880K, used 14527K [0x0000000088c00000, 0x0000000100000000)
  region size 1024K, 8 young (8192K), 8 survivors (8192K)
 Metaspace       used 21369K, committed 21504K, reserved 1114112K
  class space    used 2876K, committed 2944K, reserved 1048576K
}
Event: 3.691 GC heap before
{Heap before GC invocations=4 (full 0):
 garbage-first heap   total 55296K, used 39103K [0x0000000088c00000, 0x0000000100000000)
  region size 1024K, 32 young (32768K), 8 survivors (8192K)
 Metaspace       used 26157K, committed 26304K, reserved 1114112K
  class space    used 3319K, committed 3392K, reserved 1048576K
}
Event: 3.705 GC heap after
{Heap after GC invocations=5 (full 0):
 garbage-first heap   total 55296K, used 17403K [0x0000000088c00000, 0x0000000100000000)
  region size 1024K, 3 young (3072K), 3 survivors (3072K)
 Metaspace       used 26157K, committed 26304K, reserved 1114112K
  class space    used 3319K, committed 3392K, reserved 1048576K
}
Event: 3.714 GC heap before
{Heap before GC invocations=5 (full 0):
 garbage-first heap   total 55296K, used 18427K [0x0000000088c00000, 0x0000000100000000)
  region size 1024K, 4 young (4096K), 3 survivors (3072K)
 Metaspace       used 26178K, committed 26368K, reserved 1114112K
  class space    used 3319K, committed 3392K, reserved 1048576K
}
Event: 3.719 GC heap after
{Heap after GC invocations=6 (full 0):
 garbage-first heap   total 55296K, used 18090K [0x0000000088c00000, 0x0000000100000000)
  region size 1024K, 1 young (1024K), 1 survivors (1024K)
 Metaspace       used 26178K, committed 26368K, reserved 1114112K
  class space    used 3319K, committed 3392K, reserved 1048576K
}
Event: 4.503 GC heap before
{Heap before GC invocations=6 (full 0):
 garbage-first heap   total 55296K, used 39594K [0x0000000088c00000, 0x0000000100000000)
  region size 1024K, 22 young (22528K), 1 survivors (1024K)
 Metaspace       used 30883K, committed 31040K, reserved 1114112K
  class space    used 3844K, committed 3904K, reserved 1048576K
}
Event: 4.512 GC heap after
{Heap after GC invocations=7 (full 0):
 garbage-first heap   total 55296K, used 21177K [0x0000000088c00000, 0x0000000100000000)
  region size 1024K, 3 young (3072K), 3 survivors (3072K)
 Metaspace       used 30883K, committed 31040K, reserved 1114112K
  class space    used 3844K, committed 3904K, reserved 1048576K
}
Event: 5.296 GC heap before
{Heap before GC invocations=7 (full 0):
 garbage-first heap   total 55296K, used 42681K [0x0000000088c00000, 0x0000000100000000)
  region size 1024K, 22 young (22528K), 3 survivors (3072K)
 Metaspace       used 34052K, committed 34368K, reserved 1114112K
  class space    used 4192K, committed 4352K, reserved 1048576K
}
Event: 5.305 GC heap after
{Heap after GC invocations=8 (full 0):
 garbage-first heap   total 110592K, used 26487K [0x0000000088c00000, 0x0000000100000000)
  region size 1024K, 3 young (3072K), 3 survivors (3072K)
 Metaspace       used 34052K, committed 34368K, reserved 1114112K
  class space    used 4192K, committed 4352K, reserved 1048576K
}

Dll operation events (7 events):
Event: 0.040 Loaded shared library C:\Program Files\Microsoft\jdk-17.0.11.9-hotspot\bin\java.dll
Event: 0.055 Loaded shared library C:\Program Files\Microsoft\jdk-17.0.11.9-hotspot\bin\jsvml.dll
Event: 0.098 Loaded shared library C:\Program Files\Microsoft\jdk-17.0.11.9-hotspot\bin\net.dll
Event: 0.100 Loaded shared library C:\Program Files\Microsoft\jdk-17.0.11.9-hotspot\bin\nio.dll
Event: 0.130 Loaded shared library C:\Program Files\Microsoft\jdk-17.0.11.9-hotspot\bin\zip.dll
Event: 0.153 Loaded shared library C:\Program Files\Microsoft\jdk-17.0.11.9-hotspot\bin\jimage.dll
Event: 1.292 Loaded shared library C:\Program Files\Microsoft\jdk-17.0.11.9-hotspot\bin\verify.dll

Deoptimization events (20 events):
Event: 5.645 Thread 0x00000280949e0990 Uncommon trap: trap_request=0xffffffde fr.pc=0x00000280a415f738 relative=0x0000000000000118
Event: 5.645 Thread 0x00000280949e0990 Uncommon trap: reason=class_check action=maybe_recompile pc=0x00000280a415f738 method=org.jetbrains.kotlin.com.intellij.psi.impl.source.tree.SharedImplUtil.findFileElement(Lorg/jetbrains/kotlin/com/intellij/lang/ASTNode;)Lorg/jetbrains/kotlin/com/intellij
Event: 5.645 Thread 0x00000280949e0990 DEOPT PACKING pc=0x00000280a415f738 sp=0x00000094a61fa6c0
Event: 5.645 Thread 0x00000280949e0990 DEOPT UNPACKING pc=0x00000280a3a969a3 sp=0x00000094a61fa650 mode 2
Event: 5.645 Thread 0x00000280949e0990 Uncommon trap: trap_request=0xffffffde fr.pc=0x00000280a4124f78 relative=0x0000000000000918
Event: 5.645 Thread 0x00000280949e0990 Uncommon trap: reason=class_check action=maybe_recompile pc=0x00000280a4124f78 method=org.jetbrains.kotlin.com.intellij.lang.java.lexer.JavaLexer.charAt(I)C @ 21 c2
Event: 5.645 Thread 0x00000280949e0990 DEOPT PACKING pc=0x00000280a4124f78 sp=0x00000094a61fa4d0
Event: 5.645 Thread 0x00000280949e0990 DEOPT UNPACKING pc=0x00000280a3a969a3 sp=0x00000094a61fa428 mode 2
Event: 5.645 Thread 0x00000280949e0990 Uncommon trap: trap_request=0xffffffde fr.pc=0x00000280a4124f78 relative=0x0000000000000918
Event: 5.645 Thread 0x00000280949e0990 Uncommon trap: reason=class_check action=maybe_recompile pc=0x00000280a4124f78 method=org.jetbrains.kotlin.com.intellij.lang.java.lexer.JavaLexer.charAt(I)C @ 21 c2
Event: 5.645 Thread 0x00000280949e0990 DEOPT PACKING pc=0x00000280a4124f78 sp=0x00000094a61fa4d0
Event: 5.645 Thread 0x00000280949e0990 DEOPT UNPACKING pc=0x00000280a3a969a3 sp=0x00000094a61fa428 mode 2
Event: 5.645 Thread 0x00000280949e0990 Uncommon trap: trap_request=0xffffffde fr.pc=0x00000280a4124f78 relative=0x0000000000000918
Event: 5.645 Thread 0x00000280949e0990 Uncommon trap: reason=class_check action=maybe_recompile pc=0x00000280a4124f78 method=org.jetbrains.kotlin.com.intellij.lang.java.lexer.JavaLexer.charAt(I)C @ 21 c2
Event: 5.645 Thread 0x00000280949e0990 DEOPT PACKING pc=0x00000280a4124f78 sp=0x00000094a61fa4d0
Event: 5.645 Thread 0x00000280949e0990 DEOPT UNPACKING pc=0x00000280a3a969a3 sp=0x00000094a61fa428 mode 2
Event: 5.645 Thread 0x00000280949e0990 Uncommon trap: trap_request=0xffffffde fr.pc=0x00000280a4124f78 relative=0x0000000000000918
Event: 5.645 Thread 0x00000280949e0990 Uncommon trap: reason=class_check action=maybe_recompile pc=0x00000280a4124f78 method=org.jetbrains.kotlin.com.intellij.lang.java.lexer.JavaLexer.charAt(I)C @ 21 c2
Event: 5.645 Thread 0x00000280949e0990 DEOPT PACKING pc=0x00000280a4124f78 sp=0x00000094a61fa4d0
Event: 5.645 Thread 0x00000280949e0990 DEOPT UNPACKING pc=0x00000280a3a969a3 sp=0x00000094a61fa428 mode 2

Classes unloaded (0 events):
No events

Classes redefined (0 events):
No events

Internal exceptions (20 events):
Event: 0.901 Thread 0x00000280949e0990 Exception <a 'java/lang/NoSuchMethodError'{0x000000008f432918}: 'java.lang.Object java.lang.invoke.DirectMethodHandle$Holder.invokeSpecial(java.lang.Object, java.lang.Object, java.lang.Object, java.lang.Object, long)'> (0x000000008f432918) 
thrown [s\src\hotspot\share\interpreter\linkResolver.cpp, line 759]
Event: 0.925 Thread 0x00000280949e0990 Exception <a 'java/lang/NoSuchMethodError'{0x000000008f441cd8}: 'int java.lang.invoke.DelegatingMethodHandle$Holder.reinvoke_L(java.lang.Object, java.lang.Object, java.lang.Object, long, java.lang.Object, java.lang.Object)'> (0x000000008f441cd8) 
thrown [s\src\hotspot\share\interpreter\linkResolver.cpp, line 759]
Event: 0.930 Thread 0x00000280949e0990 Exception <a 'java/lang/NoSuchMethodError'{0x000000008f450868}: 'int java.lang.invoke.DelegatingMethodHandle$Holder.reinvoke_L(java.lang.Object, java.lang.Object, java.lang.Object, long, int, int)'> (0x000000008f450868) 
thrown [s\src\hotspot\share\interpreter\linkResolver.cpp, line 759]
Event: 0.933 Thread 0x00000280949e0990 Exception <a 'java/lang/NoSuchMethodError'{0x000000008f45f708}: 'int java.lang.invoke.DelegatingMethodHandle$Holder.reinvoke_L(java.lang.Object, java.lang.Object, java.lang.Object, long, long, long)'> (0x000000008f45f708) 
thrown [s\src\hotspot\share\interpreter\linkResolver.cpp, line 759]
Event: 0.961 Thread 0x00000280949e0990 Exception <a 'java/lang/NoSuchMethodError'{0x000000008f46dd20}: 'int java.lang.invoke.DelegatingMethodHandle$Holder.reinvoke_L(java.lang.Object, java.lang.Object, java.lang.Object, long, int)'> (0x000000008f46dd20) 
thrown [s\src\hotspot\share\interpreter\linkResolver.cpp, line 759]
Event: 0.982 Thread 0x00000280949e0990 Exception <a 'java/lang/NoSuchMethodError'{0x000000008f3160b8}: 'int java.lang.invoke.DirectMethodHandle$Holder.invokeStaticInit(java.lang.Object, java.lang.Object, java.lang.Object)'> (0x000000008f3160b8) 
thrown [s\src\hotspot\share\interpreter\linkResolver.cpp, line 759]
Event: 0.988 Thread 0x00000280949e0990 Exception <a 'java/lang/NoSuchMethodError'{0x000000008f33ee80}: 'int java.lang.invoke.DirectMethodHandle$Holder.invokeStaticInit(java.lang.Object, java.lang.Object)'> (0x000000008f33ee80) 
thrown [s\src\hotspot\share\interpreter\linkResolver.cpp, line 759]
Event: 1.026 Thread 0x00000280949e0990 Exception <a 'java/lang/NoSuchMethodError'{0x000000008f21f350}: 'void java.lang.invoke.DirectMethodHandle$Holder.invokeSpecial(java.lang.Object, java.lang.Object, java.lang.Object)'> (0x000000008f21f350) 
thrown [s\src\hotspot\share\interpreter\linkResolver.cpp, line 759]
Event: 1.156 Thread 0x00000280949e0990 Exception <a 'java/lang/NoSuchMethodError'{0x0000000090141c38}: 'void java.lang.invoke.DirectMethodHandle$Holder.invokeStatic(java.lang.Object, java.lang.Object, java.lang.Object, java.lang.Object)'> (0x0000000090141c38) 
thrown [s\src\hotspot\share\interpreter\linkResolver.cpp, line 759]
Event: 1.232 Thread 0x00000280949e0990 Exception <a 'java/lang/NoSuchMethodError'{0x000000008fd7b608}: 'void java.lang.invoke.DirectMethodHandle$Holder.invokeStaticInit(java.lang.Object, java.lang.Object)'> (0x000000008fd7b608) 
thrown [s\src\hotspot\share\interpreter\linkResolver.cpp, line 759]
Event: 1.470 Thread 0x00000280949e0990 Exception <a 'java/lang/NoSuchMethodError'{0x000000008f83a240}: 'void java.lang.invoke.DirectMethodHandle$Holder.invokeVirtual(java.lang.Object, java.lang.Object)'> (0x000000008f83a240) 
thrown [s\src\hotspot\share\interpreter\linkResolver.cpp, line 759]
Event: 1.490 Thread 0x00000280949e0990 Exception <a 'java/lang/NoSuchMethodError'{0x000000008f8b5c30}: 'int java.lang.invoke.DirectMethodHandle$Holder.invokeVirtual(java.lang.Object, java.lang.Object)'> (0x000000008f8b5c30) 
thrown [s\src\hotspot\share\interpreter\linkResolver.cpp, line 759]
Event: 1.535 Thread 0x00000280949e0990 Exception <a 'java/lang/NoSuchMethodError'{0x000000008f771cb0}: 'java.lang.Object java.lang.invoke.Invokers$Holder.invokeExact_MT(java.lang.Object, java.lang.Object, java.lang.Object, java.lang.Object, java.lang.Object, java.lang.Object)'> (0x000000008f771cb0) 
thrown [s\src\hotspot\share\interpreter\linkResolver.cpp, line 759]
Event: 2.803 Thread 0x00000280949e0990 Implicit null exception at 0x00000280a40055f2 to 0x00000280a4005b84
Event: 2.979 Thread 0x00000280949e0990 Implicit null exception at 0x00000280a40061f2 to 0x00000280a4006798
Event: 3.030 Thread 0x00000280949e0990 Exception <a 'java/lang/NoSuchMethodError'{0x000000008d1a3310}: 'java.lang.Object java.lang.invoke.DirectMethodHandle$Holder.invokeVirtual(java.lang.Object, java.lang.Object, java.lang.Object)'> (0x000000008d1a3310) 
thrown [s\src\hotspot\share\interpreter\linkResolver.cpp, line 759]
Event: 3.950 Thread 0x00000280949e0990 Exception <a 'java/lang/NoSuchMethodError'{0x000000008b633f50}: 'java.lang.Object java.lang.invoke.DirectMethodHandle$Holder.newInvokeSpecial(java.lang.Object, java.lang.Object, int)'> (0x000000008b633f50) 
thrown [s\src\hotspot\share\interpreter\linkResolver.cpp, line 759]
Event: 4.429 Thread 0x00000280949e0990 Exception <a 'java/lang/NoSuchMethodError'{0x000000008ae24a98}: 'java.lang.Object java.lang.invoke.DirectMethodHandle$Holder.newInvokeSpecial(java.lang.Object, java.lang.Object, java.lang.Object, int)'> (0x000000008ae24a98) 
thrown [s\src\hotspot\share\interpreter\linkResolver.cpp, line 759]
Event: 4.430 Thread 0x00000280949e0990 Exception <a 'java/lang/NoSuchMethodError'{0x000000008ae29120}: 'java.lang.Object java.lang.invoke.DirectMethodHandle$Holder.invokeSpecial(java.lang.Object, java.lang.Object, java.lang.Object, java.lang.Object, int)'> (0x000000008ae29120) 
thrown [s\src\hotspot\share\interpreter\linkResolver.cpp, line 759]
Event: 4.430 Thread 0x00000280949e0990 Exception <a 'java/lang/NoSuchMethodError'{0x000000008ae2cf90}: 'java.lang.Object java.lang.invoke.Invokers$Holder.linkToTargetMethod(java.lang.Object, java.lang.Object, int, java.lang.Object)'> (0x000000008ae2cf90) 
thrown [s\src\hotspot\share\interpreter\linkResolver.cpp, line 759]

VM Operations (20 events):
Event: 4.503 Executing VM operation: G1CollectForAllocation
Event: 4.512 Executing VM operation: G1CollectForAllocation done
Event: 4.539 Executing VM operation: HandshakeAllThreads
Event: 4.539 Executing VM operation: HandshakeAllThreads done
Event: 4.545 Executing VM operation: HandshakeAllThreads
Event: 4.545 Executing VM operation: HandshakeAllThreads done
Event: 4.767 Executing VM operation: HandshakeAllThreads
Event: 4.767 Executing VM operation: HandshakeAllThreads done
Event: 5.011 Executing VM operation: HandshakeAllThreads
Event: 5.011 Executing VM operation: HandshakeAllThreads done
Event: 5.053 Executing VM operation: HandshakeAllThreads
Event: 5.053 Executing VM operation: HandshakeAllThreads done
Event: 5.218 Executing VM operation: ICBufferFull
Event: 5.219 Executing VM operation: ICBufferFull done
Event: 5.296 Executing VM operation: G1CollectForAllocation
Event: 5.305 Executing VM operation: G1CollectForAllocation done
Event: 5.569 Executing VM operation: ICBufferFull
Event: 5.569 Executing VM operation: ICBufferFull done
Event: 5.635 Executing VM operation: HandshakeAllThreads
Event: 5.636 Executing VM operation: HandshakeAllThreads done

Events (20 events):
Event: 4.488 loading class java/util/AbstractList$SubList$1
Event: 4.488 loading class java/util/AbstractList$SubList$1 done
Event: 4.488 loading class java/util/AbstractList$ListItr
Event: 4.488 loading class java/util/AbstractList$ListItr done
Event: 4.589 loading class java/security/AccessControlException
Event: 4.589 loading class java/security/AccessControlException done
Event: 4.620 loading class java/text/StringCharacterIterator
Event: 4.620 loading class java/text/CharacterIterator
Event: 4.620 loading class java/text/CharacterIterator done
Event: 4.620 loading class java/text/StringCharacterIterator done
Event: 4.702 loading class java/util/ArrayList$SubList$1
Event: 4.702 loading class java/util/ArrayList$SubList$1 done
Event: 4.715 loading class java/lang/annotation/ElementType
Event: 4.715 loading class java/lang/annotation/ElementType done
Event: 4.715 loading class java/lang/Override
Event: 4.715 loading class java/lang/Override done
Event: 5.269 loading class java/util/stream/IntPipeline$1
Event: 5.269 loading class java/util/stream/IntPipeline$1 done
Event: 5.271 loading class java/util/stream/IntPipeline$1$1
Event: 5.271 loading class java/util/stream/IntPipeline$1$1 done


Dynamic libraries:
0x00007ff65c1e0000 - 0x00007ff65c1ee000 	C:\Program Files\Microsoft\jdk-17.0.11.9-hotspot\bin\java.exe
0x00007ffe380b0000 - 0x00007ffe382a8000 	C:\WINDOWS\SYSTEM32\ntdll.dll
0x00007ffe37c40000 - 0x00007ffe37cfd000 	C:\WINDOWS\System32\KERNEL32.DLL
0x00007ffe35c60000 - 0x00007ffe35f56000 	C:\WINDOWS\System32\KERNELBASE.dll
0x00007ffe35ff0000 - 0x00007ffe360f0000 	C:\WINDOWS\System32\ucrtbase.dll
0x00007ffe27080000 - 0x00007ffe27097000 	C:\Program Files\Microsoft\jdk-17.0.11.9-hotspot\bin\jli.dll
0x00007ffe27060000 - 0x00007ffe2707b000 	C:\Program Files\Microsoft\jdk-17.0.11.9-hotspot\bin\VCRUNTIME140.dll
0x00007ffe36120000 - 0x00007ffe362bf000 	C:\WINDOWS\System32\USER32.dll
0x00007ffe28830000 - 0x00007ffe28aca000 	C:\WINDOWS\WinSxS\amd64_microsoft.windows.common-controls_6595b64144ccf1df_6.0.19041.4355_none_60b8b9eb71f62e16\COMCTL32.dll
0x00007ffe357c0000 - 0x00007ffe357e2000 	C:\WINDOWS\System32\win32u.dll
0x00007ffe36be0000 - 0x00007ffe36c7e000 	C:\WINDOWS\System32\msvcrt.dll
0x00007ffe360f0000 - 0x00007ffe3611b000 	C:\WINDOWS\System32\GDI32.dll
0x00007ffe35a90000 - 0x00007ffe35ba7000 	C:\WINDOWS\System32\gdi32full.dll
0x00007ffe357f0000 - 0x00007ffe3588d000 	C:\WINDOWS\System32\msvcp_win.dll
0x00007ffe37fa0000 - 0x00007ffe37fcf000 	C:\WINDOWS\System32\IMM32.DLL
0x00007ffe32a70000 - 0x00007ffe32a7c000 	C:\Program Files\Microsoft\jdk-17.0.11.9-hotspot\bin\vcruntime140_1.dll
0x00007ffe12bd0000 - 0x00007ffe12c5d000 	C:\Program Files\Microsoft\jdk-17.0.11.9-hotspot\bin\msvcp140.dll
0x00007ffe0b8b0000 - 0x00007ffe0c516000 	C:\Program Files\Microsoft\jdk-17.0.11.9-hotspot\bin\server\jvm.dll
0x00007ffe36c90000 - 0x00007ffe36d40000 	C:\WINDOWS\System32\ADVAPI32.dll
0x00007ffe37fd0000 - 0x00007ffe38070000 	C:\WINDOWS\System32\sechost.dll
0x00007ffe362c0000 - 0x00007ffe363e3000 	C:\WINDOWS\System32\RPCRT4.dll
0x00007ffe35a60000 - 0x00007ffe35a87000 	C:\WINDOWS\System32\bcrypt.dll
0x00007ffe355c0000 - 0x00007ffe3560b000 	C:\WINDOWS\SYSTEM32\POWRPROF.dll
0x00007ffe32b40000 - 0x00007ffe32b49000 	C:\WINDOWS\SYSTEM32\WSOCK32.dll
0x00007ffe28630000 - 0x00007ffe28657000 	C:\WINDOWS\SYSTEM32\WINMM.dll
0x00007ffe2c3c0000 - 0x00007ffe2c3ca000 	C:\WINDOWS\SYSTEM32\VERSION.dll
0x00007ffe36e60000 - 0x00007ffe36ecb000 	C:\WINDOWS\System32\WS2_32.dll
0x00007ffe355a0000 - 0x00007ffe355b2000 	C:\WINDOWS\SYSTEM32\UMPDC.dll
0x00007ffe33530000 - 0x00007ffe33542000 	C:\WINDOWS\SYSTEM32\kernel.appcore.dll
0x00007ffe32a50000 - 0x00007ffe32a5a000 	C:\Program Files\Microsoft\jdk-17.0.11.9-hotspot\bin\jimage.dll
0x00007ffe26250000 - 0x00007ffe26434000 	C:\WINDOWS\SYSTEM32\DBGHELP.DLL
0x00007ffe26210000 - 0x00007ffe26244000 	C:\WINDOWS\SYSTEM32\dbgcore.DLL
0x00007ffe35f60000 - 0x00007ffe35fe2000 	C:\WINDOWS\System32\bcryptPrimitives.dll
0x00007ffe1be10000 - 0x00007ffe1be35000 	C:\Program Files\Microsoft\jdk-17.0.11.9-hotspot\bin\java.dll
0x00007ffe12af0000 - 0x00007ffe12bc7000 	C:\Program Files\Microsoft\jdk-17.0.11.9-hotspot\bin\jsvml.dll
0x00007ffe371b0000 - 0x00007ffe3791c000 	C:\WINDOWS\System32\SHELL32.dll
0x00007ffe33810000 - 0x00007ffe33fad000 	C:\WINDOWS\SYSTEM32\windows.storage.dll
0x00007ffe363f0000 - 0x00007ffe36743000 	C:\WINDOWS\System32\combase.dll
0x00007ffe350c0000 - 0x00007ffe350ee000 	C:\WINDOWS\SYSTEM32\Wldp.dll
0x00007ffe37e40000 - 0x00007ffe37f0d000 	C:\WINDOWS\System32\OLEAUT32.dll
0x00007ffe379d0000 - 0x00007ffe37a7d000 	C:\WINDOWS\System32\SHCORE.dll
0x00007ffe36da0000 - 0x00007ffe36df5000 	C:\WINDOWS\System32\shlwapi.dll
0x00007ffe356a0000 - 0x00007ffe356c4000 	C:\WINDOWS\SYSTEM32\profapi.dll
0x00007ffe22760000 - 0x00007ffe22779000 	C:\Program Files\Microsoft\jdk-17.0.11.9-hotspot\bin\net.dll
0x00007ffe2f9a0000 - 0x00007ffe2faaa000 	C:\WINDOWS\SYSTEM32\WINHTTP.dll
0x00007ffe34e20000 - 0x00007ffe34e8a000 	C:\WINDOWS\system32\mswsock.dll
0x00007ffe22380000 - 0x00007ffe22396000 	C:\Program Files\Microsoft\jdk-17.0.11.9-hotspot\bin\nio.dll
0x00007ffe1cbb0000 - 0x00007ffe1cbc8000 	C:\Program Files\Microsoft\jdk-17.0.11.9-hotspot\bin\zip.dll
0x00007ffe2f000000 - 0x00007ffe2f010000 	C:\Program Files\Microsoft\jdk-17.0.11.9-hotspot\bin\verify.dll

dbghelp: loaded successfully - version: 4.0.5 - missing functions: none
symbol engine: initialized successfully - sym options: 0x614 - pdb path: .;C:\Program Files\Microsoft\jdk-17.0.11.9-hotspot\bin;C:\WINDOWS\SYSTEM32;C:\WINDOWS\WinSxS\amd64_microsoft.windows.common-controls_6595b64144ccf1df_6.0.19041.4355_none_60b8b9eb71f62e16;C:\Program Files\Microsoft\jdk-17.0.11.9-hotspot\bin\server

VM Arguments:
java_command: org.jetbrains.kotlin.cli.jvm.K2JVMCompiler @E:\servicei\myapp\node_modules\react-native-screens\android\build\20240626_16598283485682109362.compiler.options
java_class_path (initial): C:\Users\ADMIN\.gradle\caches\modules-2\files-2.1\org.jetbrains.kotlin\kotlin-compiler-embeddable\1.9.22\9cd4dc7773cf2a99ecd961a88fbbc9a2da3fb5e1\kotlin-compiler-embeddable-1.9.22.jar;C:\Users\ADMIN\.gradle\caches\modules-2\files-2.1\org.jetbrains.kotlin\kotlin-stdlib\1.9.22\d6c44cd08d8f3f9bece8101216dbe6553365c6e3\kotlin-stdlib-1.9.22.jar;C:\Users\ADMIN\.gradle\caches\modules-2\files-2.1\org.jetbrains.kotlin\kotlin-script-runtime\1.9.22\f8139a46fc677ec9badc49ae954392f4f5e7e7c7\kotlin-script-runtime-1.9.22.jar;C:\Users\ADMIN\.gradle\caches\modules-2\files-2.1\org.jetbrains.kotlin\kotlin-reflect\1.6.10\1cbe9c92c12a94eea200d23c2bbaedaf3daf5132\kotlin-reflect-1.6.10.jar;C:\Users\ADMIN\.gradle\caches\modules-2\files-2.1\org.jetbrains.kotlin\kotlin-daemon-embeddable\1.9.22\20e2c5df715f3240c765cfc222530e2796542021\kotlin-daemon-embeddable-1.9.22.jar;C:\Users\ADMIN\.gradle\caches\modules-2\files-2.1\org.jetbrains.intellij.deps\trove4j\1.0.20200330\3afb14d5f9ceb459d724e907a21145e8ff394f02\trove4j-1.0.20200330.jar;C:\Users\ADMIN\.gradle\caches\modules-2\files-2.1\org.jetbrains\annotations\13.0\919f0dfe192fb4e063e7dacadee7f8bb9a2672a9\annotations-13.0.jar
Launcher Type: SUN_STANDARD

[Global flags]
     intx CICompilerCount                          = 3                                         {product} {ergonomic}
     uint ConcGCThreads                            = 1                                         {product} {ergonomic}
     uint G1ConcRefinementThreads                  = 4                                         {product} {ergonomic}
   size_t G1HeapRegionSize                         = 1048576                                   {product} {ergonomic}
    uintx GCDrainStackTargetSize                   = 64                                        {product} {ergonomic}
   size_t InitialHeapSize                          = 125829120                                 {product} {ergonomic}
   size_t MarkStackSize                            = 4194304                                   {product} {ergonomic}
   size_t MaxHeapSize                              = 2000683008                                {product} {ergonomic}
   size_t MaxNewSize                               = 1199570944                                {product} {ergonomic}
   size_t MinHeapDeltaBytes                        = 1048576                                   {product} {ergonomic}
   size_t MinHeapSize                              = 8388608                                   {product} {ergonomic}
    uintx NonNMethodCodeHeapSize                   = 5832780                                {pd product} {ergonomic}
    uintx NonProfiledCodeHeapSize                  = 122912730                              {pd product} {ergonomic}
    uintx ProfiledCodeHeapSize                     = 122912730                              {pd product} {ergonomic}
    uintx ReservedCodeCacheSize                    = 251658240                              {pd product} {ergonomic}
     bool SegmentedCodeCache                       = true                                      {product} {ergonomic}
   size_t SoftMaxHeapSize                          = 2000683008                             {manageable} {ergonomic}
     bool UseCompressedClassPointers               = true                           {product lp64_product} {ergonomic}
     bool UseCompressedOops                        = true                           {product lp64_product} {ergonomic}
     bool UseG1GC                                  = true                                      {product} {ergonomic}
     bool UseLargePagesIndividualAllocation        = false                                  {pd product} {ergonomic}

Logging:
Log output configuration:
 #0: stdout all=warning uptime,level,tags
 #1: stderr all=off uptime,level,tags

Environment Variables:
JAVA_HOME=C:\Program Files\Microsoft\jdk-17.0.11.9-hotspot\
CLASSPATH=E:\servicei\myapp\android\\gradle\wrapper\gradle-wrapper.jar
PATH=C:\Program Files\Microsoft\jdk-17.0.11.9-hotspot\bin;C:\Program Files\Common Files\Oracle\Java\javapath;C:\WINDOWS\system32;C:\WINDOWS;C:\WINDOWS\System32\Wbem;C:\WINDOWS\System32\WindowsPowerShell\v1.0\;C:\WINDOWS\System32\OpenSSH\;C:\ProgramData\chocolatey\bin;C:\xampp\php;C:\Users\ADMIN\AppData\Roaming\nvm;C:\Program Files\nodejs;C:\Users\ADMIN\AppData\Local\Android\Sdk\emulator;C:\Users\ADMIN\AppData\Local\Android\Sdk\platform-tools;C:\Program Files\Git\cmd;C:\Users\ADMIN\AppData\Local\Android\Sdk\tools;C:\Users\ADMIN\AppData\Local\Android\Sdk\tools;C:\Users\ADMIN\AppData\Local\Android\Sdk\tools;C:\Users\ADMIN\AppData\Local\Microsoft\WindowsApps;C:\Users\ADMIN\AppData\Local\GitHubDesktop\bin;C:\Users\ADMIN\AppData\Roaming\npm;C:\Program Files\Azure Data Studio\bin;C:\Users\ADMIN\AppData\Local\Programs\Microsoft VS Code\bin
USERNAME=ADMIN
LANG=en_US.UTF-8
OS=Windows_NT
PROCESSOR_IDENTIFIER=Intel64 Family 6 Model 58 Stepping 9, GenuineIntel
TMP=C:\Users\ADMIN\AppData\Local\Temp
TEMP=C:\Users\ADMIN\AppData\Local\Temp



Periodic native trim disabled


---------------  S Y S T E M  ---------------

OS:
 Windows 10 , 64 bit Build 19041 (10.0.19041.3636)
OS uptime: 0 days 4:35 hours

CPU: total 4 (initial active 4) (4 cores per cpu, 1 threads per core) family 6 model 58 stepping 9 microcode 0x21, cx8, cmov, fxsr, mmx, sse, sse2, sse3, ssse3, sse4.1, sse4.2, popcnt, tsc, tscinvbit, avx, aes, erms, clmul, vzeroupper, clflush
Processor Information for all 4 processors :
  Max Mhz: 3201, Current Mhz: 3201, Mhz Limit: 3201

Memory: 4k page, system-wide physical 7631M (634M free)
TotalPageFile size 11727M (AvailPageFile size 82M)
current process WorkingSet (physical memory assigned to process): 168M, peak: 169M
current process commit charge ("private bytes"): 250M, peak: 253M

vm_info: OpenJDK 64-Bit Server VM (17.0.11+9-LTS) for windows-amd64 JRE (17.0.11+9-LTS), built on Apr  9 2024 22:05:54 by "MicrosoftCorporation" with MS VC++ 16.10 / 16.11 (VS2019)

END.
