#
# There is insufficient memory for the Java Runtime Environment to continue.
# Native memory allocation (malloc) failed to allocate 49920 bytes. Error detail: Chunk::new
# Possible reasons:
#   The system is out of physical RAM or swap space
#   This process is running with CompressedOops enabled, and the Java Heap may be blocking the growth of the native heap
# Possible solutions:
#   Reduce memory load on the system
#   Increase physical memory or swap space
#   Check if swap backing store is full
#   Decrease Java heap size (-Xmx/-Xms)
#   Decrease number of Java threads
#   Decrease Java thread stack sizes (-Xss)
#   Set larger code cache with -XX:ReservedCodeCacheSize=
#   JVM is running with Unscaled Compressed Oops mode in which the Java heap is
#     placed in the first 4GB address space. The Java Heap base address is the
#     maximum limit for the native heap growth. Please use -XX:HeapBaseMinAddress
#     to set the Java Heap base and to place the Java Heap above 4GB virtual address.
# This output file may be truncated or incomplete.
#
#  Out of Memory Error (arena.cpp:191), pid=15716, tid=2716
#
# JRE version: OpenJDK Runtime Environment Microsoft-9388408 (17.0.11+9) (build 17.0.11+9-LTS)
# Java VM: OpenJDK 64-Bit Server VM Microsoft-9388408 (17.0.11+9-LTS, mixed mode, tiered, compressed oops, compressed class ptrs, g1 gc, windows-amd64)
# No core dump will be written. Minidumps are not enabled by default on client versions of Windows
#

---------------  S U M M A R Y ------------

Command Line: -Xmx64m -Xms64m -Dorg.gradle.appname=gradlew org.gradle.wrapper.GradleWrapperMain app:installDebug -PreactNativeDevServerPort=8081

Host: Intel(R) Core(TM) i5-3470 CPU @ 3.20GHz, 4 cores, 7G,  Windows 10 , 64 bit Build 19041 (10.0.19041.3636)
Time: Wed Jun 26 18:53:50 2024 India Standard Time elapsed time: 4.359031 seconds (0d 0h 0m 4s)

---------------  T H R E A D  ---------------

Current thread (0x000002287497e5e0):  JavaThread "main" [_thread_in_vm, id=2716, stack(0x000000ba3de00000,0x000000ba3df00000)]

Stack: [0x000000ba3de00000,0x000000ba3df00000]
Native frames: (J=compiled Java code, j=interpreted, Vv=VM code, C=native code)
V  [jvm.dll+0x67f6d9]
V  [jvm.dll+0x83773a]
V  [jvm.dll+0x8391fe]
V  [jvm.dll+0x839863]
V  [jvm.dll+0x247fbf]
V  [jvm.dll+0xac544]
V  [jvm.dll+0xacb8c]
V  [jvm.dll+0x1f3e3a]
V  [jvm.dll+0x1f2a32]
V  [jvm.dll+0x7b0c7b]
V  [jvm.dll+0x7b2049]
V  [jvm.dll+0x7b2398]
V  [jvm.dll+0x24027e]
V  [jvm.dll+0x38477e]
C  0x000002280754b6c5

The last pc belongs to new (printed below).
Java frames: (J=compiled Java code, j=interpreted, Vv=VM code)
j  java.lang.invoke.MethodHandles$Lookup$ClassFile.newInstance([BLjava/lang/String;)Ljava/lang/invoke/MethodHandles$Lookup$ClassFile;+99 java.base@17.0.11
j  java.lang.invoke.MethodHandles$Lookup.makeHiddenClassDefiner([BLjava/util/Set;Z)Ljava/lang/invoke/MethodHandles$Lookup$ClassDefiner;+8 java.base@17.0.11
j  java.lang.invoke.MethodHandles$Lookup.defineHiddenClass([BZ[Ljava/lang/invoke/MethodHandles$Lookup$ClassOption;)Ljava/lang/invoke/MethodHandles$Lookup;+61 java.base@17.0.11
j  java.lang.invoke.InnerClassLambdaMetafactory.generateInnerClass()Ljava/lang/Class;+580 java.base@17.0.11
j  java.lang.invoke.InnerClassLambdaMetafactory.spinInnerClass()Ljava/lang/Class;+114 java.base@17.0.11
j  java.lang.invoke.InnerClassLambdaMetafactory.buildCallSite()Ljava/lang/invoke/CallSite;+1 java.base@17.0.11
j  java.lang.invoke.LambdaMetafactory.metafactory(Ljava/lang/invoke/MethodHandles$Lookup;Ljava/lang/String;Ljava/lang/invoke/MethodType;Ljava/lang/invoke/MethodType;Ljava/lang/invoke/MethodHandle;Ljava/lang/invoke/MethodType;)Ljava/lang/invoke/CallSite;+67 java.base@17.0.11
j  java.lang.invoke.DirectMethodHandle$Holder.invokeStatic(Ljava/lang/Object;Ljava/lang/Object;Ljava/lang/Object;Ljava/lang/Object;Ljava/lang/Object;Ljava/lang/Object;Ljava/lang/Object;)Ljava/lang/Object;+20 java.base@17.0.11
j  java.lang.invoke.Invokers$Holder.invokeExact_MT(Ljava/lang/Object;Ljava/lang/Object;Ljava/lang/Object;Ljava/lang/Object;Ljava/lang/Object;Ljava/lang/Object;Ljava/lang/Object;Ljava/lang/Object;)Ljava/lang/Object;+28 java.base@17.0.11
j  java.lang.invoke.BootstrapMethodInvoker.invoke(Ljava/lang/Class;Ljava/lang/invoke/MethodHandle;Ljava/lang/String;Ljava/lang/Object;Ljava/lang/Object;Ljava/lang/Class;)Ljava/lang/Object;+319 java.base@17.0.11
j  java.lang.invoke.CallSite.makeSite(Ljava/lang/invoke/MethodHandle;Ljava/lang/String;Ljava/lang/invoke/MethodType;Ljava/lang/Object;Ljava/lang/Class;)Ljava/lang/invoke/CallSite;+8 java.base@17.0.11
j  java.lang.invoke.MethodHandleNatives.linkCallSiteImpl(Ljava/lang/Class;Ljava/lang/invoke/MethodHandle;Ljava/lang/String;Ljava/lang/invoke/MethodType;Ljava/lang/Object;[Ljava/lang/Object;)Ljava/lang/invoke/MemberName;+6 java.base@17.0.11
j  java.lang.invoke.MethodHandleNatives.linkCallSite(Ljava/lang/Object;ILjava/lang/Object;Ljava/lang/Object;Ljava/lang/Object;Ljava/lang/Object;[Ljava/lang/Object;)Ljava/lang/invoke/MemberName;+46 java.base@17.0.11
v  ~StubRoutines::call_stub
j  java.util.regex.Pattern.Single(I)Ljava/util/regex/Pattern$BmpCharPredicate;+1 java.base@17.0.11
j  java.util.regex.Pattern.single(I)Ljava/util/regex/Pattern$CharPredicate;+78 java.base@17.0.11
j  java.util.regex.Pattern.atom()Ljava/util/regex/Pattern$Node;+404 java.base@17.0.11
j  java.util.regex.Pattern.sequence(Ljava/util/regex/Pattern$Node;)Ljava/util/regex/Pattern$Node;+345 java.base@17.0.11
j  java.util.regex.Pattern.expr(Ljava/util/regex/Pattern$Node;)Ljava/util/regex/Pattern$Node;+12 java.base@17.0.11
j  java.util.regex.Pattern.group0()Ljava/util/regex/Pattern$Node;+655 java.base@17.0.11
j  java.util.regex.Pattern.sequence(Ljava/util/regex/Pattern$Node;)Ljava/util/regex/Pattern$Node;+137 java.base@17.0.11
j  java.util.regex.Pattern.expr(Ljava/util/regex/Pattern$Node;)Ljava/util/regex/Pattern$Node;+12 java.base@17.0.11
j  java.util.regex.Pattern.compile()V+222 java.base@17.0.11
j  java.util.regex.Pattern.<init>(Ljava/lang/String;I)V+108 java.base@17.0.11
j  java.util.regex.Pattern.compile(Ljava/lang/String;)Ljava/util/regex/Pattern;+6 java.base@17.0.11
j  org.gradle.cli.CommandLineParser.<clinit>()V+18
v  ~StubRoutines::call_stub
j  org.gradle.wrapper.GradleWrapperMain.main([Ljava/lang/String;)V+14
v  ~StubRoutines::call_stub
new  187 new  [0x000002280754b540, 0x000002280754b760]  544 bytes
[MachCode]
  0x000002280754b540: 4883 ec08 | c5fa 1104 | 24eb 1f48 | 83ec 10c5 | fb11 0424 | eb14 4883 | ec10 4889 | 0424 48c7 
  0x000002280754b560: 4424 0800 | 0000 00eb | 0150 410f | b755 010f | cac1 ea10 | 488b 4de8 | 488b 4908 | 488b 4908 
  0x000002280754b580: 488b 4108 | 807c 1004 | 070f 85d6 | 0000 0066 | 8b54 d148 | 488b 4928 | 488b 4cd1 | 0851 80b9 
  0x000002280754b5a0: 3301 0000 | 040f 85b9 | 0000 008b | 5108 f7c2 | 0100 0000 | 0f85 aa00 | 0000 498b | 8708 0100 
  0x000002280754b5c0: 0048 8d1c | 1049 3b9f | 1801 0000 | 0f87 9200 | 0000 4989 | 9f08 0100 | 00e9 0000 | 0000 4883 
  0x000002280754b5e0: ea10 0f84 | 0f00 0000 | 33c9 c1ea | 0348 894c | d008 48ff | ca75 f648 | c700 0100 | 0000 5933 
  0x000002280754b600: f689 700c | 48c1 e903 | 8948 0849 | ba35 761a | 0cfe 7f00 | 0041 803a | 000f 8440 | 0000 0050 
  0x000002280754b620: 488b c848 | 83ec 20f7 | c40f 0000 | 000f 841a | 0000 0048 | 83ec 0849 | ba10 5dd0 | 0bfe 7f00 
  0x000002280754b640: 0041 ffd2 | 4883 c408 | e90d 0000 | 0049 ba10 | 5dd0 0bfe | 7f00 0041 | ffd2 4883 | c420 58e9 
  0x000002280754b660: cd00 0000 | 5948 8b55 | e848 8b52 | 0848 8b52 | 0845 0fb7 | 4501 410f | c841 c1e8 | 10e8 0500 
  0x000002280754b680: 0000 e9aa | 0000 0048 | 8d44 2408 | 4c89 6dc0 | 498b cfc5 | f877 4989 | afa8 0200 | 0049 8987 
  0x000002280754b6a0: 9802 0000 | 4883 ec20 | f7c4 0f00 | 0000 0f84 | 1a00 0000 | 4883 ec08 | 49ba 3047 | 9a0b fe7f 
  0x000002280754b6c0: 0000 41ff | d248 83c4 | 08e9 0d00 | 0000 49ba | 3047 9a0b | fe7f 0000 | 41ff d248 | 83c4 2049 
  0x000002280754b6e0: c787 9802 | 0000 0000 | 0000 49c7 | 87a8 0200 | 0000 0000 | 0049 c787 | a002 0000 | 0000 0000 
  0x000002280754b700: c5f8 7749 | 817f 0800 | 0000 000f | 8405 0000 | 00e9 ea57 | feff 498b | 87f0 0200 | 0049 c787 
  0x000002280754b720: f002 0000 | 0000 0000 | 4c8b 6dc0 | 4c8b 75c8 | c341 0fb6 | 5d03 4983 | c503 49ba | 90e2 1c0c 
  0x000002280754b740: fe7f 0000 | 41ff 24da | 0000 0000 | 0000 0000 | 0000 0000 | 0000 0000 | 0000 0000 | 0000 0000 
[/MachCode]

---------------  P R O C E S S  ---------------

Threads class SMR info:
_java_thread_list=0x000002281145bc70, length=12, elements={
0x000002287497e5e0, 0x0000022811185620, 0x0000022811186630, 0x00000228111b1790,
0x00000228111b3170, 0x00000228111b5a50, 0x00000228111b6320, 0x00000228111b6f20,
0x00000228111b7830, 0x00000228111b8d20, 0x0000022811446200, 0x000002281145e9e0
}

Java Threads: ( => current thread )
=>0x000002287497e5e0 JavaThread "main" [_thread_in_vm, id=2716, stack(0x000000ba3de00000,0x000000ba3df00000)]
  0x0000022811185620 JavaThread "Reference Handler" daemon [_thread_blocked, id=6628, stack(0x000000ba3e500000,0x000000ba3e600000)]
  0x0000022811186630 JavaThread "Finalizer" daemon [_thread_blocked, id=5124, stack(0x000000ba3e600000,0x000000ba3e700000)]
  0x00000228111b1790 JavaThread "Signal Dispatcher" daemon [_thread_blocked, id=12496, stack(0x000000ba3e700000,0x000000ba3e800000)]
  0x00000228111b3170 JavaThread "Attach Listener" daemon [_thread_blocked, id=1920, stack(0x000000ba3e800000,0x000000ba3e900000)]
  0x00000228111b5a50 JavaThread "Service Thread" daemon [_thread_blocked, id=12596, stack(0x000000ba3e900000,0x000000ba3ea00000)]
  0x00000228111b6320 JavaThread "Monitor Deflation Thread" daemon [_thread_blocked, id=15368, stack(0x000000ba3ea00000,0x000000ba3eb00000)]
  0x00000228111b6f20 JavaThread "C2 CompilerThread0" daemon [_thread_blocked, id=15128, stack(0x000000ba3eb00000,0x000000ba3ec00000)]
  0x00000228111b7830 JavaThread "C1 CompilerThread0" daemon [_thread_blocked, id=13120, stack(0x000000ba3ec00000,0x000000ba3ed00000)]
  0x00000228111b8d20 JavaThread "Sweeper thread" daemon [_thread_blocked, id=14012, stack(0x000000ba3ed00000,0x000000ba3ee00000)]
  0x0000022811446200 JavaThread "Notification Thread" daemon [_thread_blocked, id=4744, stack(0x000000ba3ee00000,0x000000ba3ef00000)]
  0x000002281145e9e0 JavaThread "Common-Cleaner" daemon [_thread_blocked, id=8248, stack(0x000000ba3f000000,0x000000ba3f100000)]

Other Threads:
  0x000002281115b620 VMThread "VM Thread" [stack: 0x000000ba3e400000,0x000000ba3e500000] [id=14788] _threads_hazard_ptr=0x000002281145bc70
  0x00000228114486f0 WatcherThread [stack: 0x000000ba3ef00000,0x000000ba3f000000] [id=14256]
  0x00000228769d2590 GCTaskThread "GC Thread#0" [stack: 0x000000ba3df00000,0x000000ba3e000000] [id=11604]
  0x00000228769d3bf0 ConcurrentGCThread "G1 Main Marker" [stack: 0x000000ba3e000000,0x000000ba3e100000] [id=9668]
  0x00000228769d4cc0 ConcurrentGCThread "G1 Conc#0" [stack: 0x000000ba3e100000,0x000000ba3e200000] [id=16044]
  0x0000022876a229d0 ConcurrentGCThread "G1 Refine#0" [stack: 0x000000ba3e200000,0x000000ba3e300000] [id=14552]
  0x0000022876a23310 ConcurrentGCThread "G1 Service" [stack: 0x000000ba3e300000,0x000000ba3e400000] [id=5028]

Threads with active compile tasks:

VM state: synchronizing (normal execution)

VM Mutex/Monitor currently owned by a thread:  ([mutex/lock_event])
[0x0000022874979fb0] Threads_lock - owner thread: 0x000002281115b620

Heap address: 0x00000000fc000000, size: 64 MB, Compressed Oops mode: 32-bit

CDS archive(s) not mapped
Compressed class space mapped at: 0x0000000100000000-0x0000000140000000, reserved size: 1073741824
Narrow klass base: 0x0000000000000000, Narrow klass shift: 3, Narrow klass range: 0x140000000

GC Precious Log:
 CPUs: 4 total, 4 available
 Memory: 7631M
 Large Page Support: Disabled
 NUMA Support: Disabled
 Compressed Oops: Enabled (32-bit)
 Heap Region Size: 1M
 Heap Min Capacity: 64M
 Heap Initial Capacity: 64M
 Heap Max Capacity: 64M
 Pre-touch: Disabled
 Parallel Workers: 4
 Concurrent Workers: 1
 Concurrent Refinement Workers: 4
 Periodic GC: Disabled

Heap:
 garbage-first heap   total 65536K, used 1024K [0x00000000fc000000, 0x0000000100000000)
  region size 1024K, 2 young (2048K), 0 survivors (0K)
 Metaspace       used 5443K, committed 5568K, reserved 1114112K
  class space    used 444K, committed 512K, reserved 1048576K

Heap Regions: E=young(eden), S=young(survivor), O=old, HS=humongous(starts), HC=humongous(continues), CS=collection set, F=free, OA=open archive, CA=closed archive, TAMS=top-at-mark-start (previous, next)
|   0|0x00000000fc000000, 0x00000000fc000000, 0x00000000fc100000|  0%| F|  |TAMS 0x00000000fc000000, 0x00000000fc000000| Untracked 
|   1|0x00000000fc100000, 0x00000000fc100000, 0x00000000fc200000|  0%| F|  |TAMS 0x00000000fc100000, 0x00000000fc100000| Untracked 
|   2|0x00000000fc200000, 0x00000000fc200000, 0x00000000fc300000|  0%| F|  |TAMS 0x00000000fc200000, 0x00000000fc200000| Untracked 
|   3|0x00000000fc300000, 0x00000000fc300000, 0x00000000fc400000|  0%| F|  |TAMS 0x00000000fc300000, 0x00000000fc300000| Untracked 
|   4|0x00000000fc400000, 0x00000000fc400000, 0x00000000fc500000|  0%| F|  |TAMS 0x00000000fc400000, 0x00000000fc400000| Untracked 
|   5|0x00000000fc500000, 0x00000000fc500000, 0x00000000fc600000|  0%| F|  |TAMS 0x00000000fc500000, 0x00000000fc500000| Untracked 
|   6|0x00000000fc600000, 0x00000000fc600000, 0x00000000fc700000|  0%| F|  |TAMS 0x00000000fc600000, 0x00000000fc600000| Untracked 
|   7|0x00000000fc700000, 0x00000000fc700000, 0x00000000fc800000|  0%| F|  |TAMS 0x00000000fc700000, 0x00000000fc700000| Untracked 
|   8|0x00000000fc800000, 0x00000000fc800000, 0x00000000fc900000|  0%| F|  |TAMS 0x00000000fc800000, 0x00000000fc800000| Untracked 
|   9|0x00000000fc900000, 0x00000000fc900000, 0x00000000fca00000|  0%| F|  |TAMS 0x00000000fc900000, 0x00000000fc900000| Untracked 
|  10|0x00000000fca00000, 0x00000000fca00000, 0x00000000fcb00000|  0%| F|  |TAMS 0x00000000fca00000, 0x00000000fca00000| Untracked 
|  11|0x00000000fcb00000, 0x00000000fcb00000, 0x00000000fcc00000|  0%| F|  |TAMS 0x00000000fcb00000, 0x00000000fcb00000| Untracked 
|  12|0x00000000fcc00000, 0x00000000fcc00000, 0x00000000fcd00000|  0%| F|  |TAMS 0x00000000fcc00000, 0x00000000fcc00000| Untracked 
|  13|0x00000000fcd00000, 0x00000000fcd00000, 0x00000000fce00000|  0%| F|  |TAMS 0x00000000fcd00000, 0x00000000fcd00000| Untracked 
|  14|0x00000000fce00000, 0x00000000fce00000, 0x00000000fcf00000|  0%| F|  |TAMS 0x00000000fce00000, 0x00000000fce00000| Untracked 
|  15|0x00000000fcf00000, 0x00000000fcf00000, 0x00000000fd000000|  0%| F|  |TAMS 0x00000000fcf00000, 0x00000000fcf00000| Untracked 
|  16|0x00000000fd000000, 0x00000000fd000000, 0x00000000fd100000|  0%| F|  |TAMS 0x00000000fd000000, 0x00000000fd000000| Untracked 
|  17|0x00000000fd100000, 0x00000000fd100000, 0x00000000fd200000|  0%| F|  |TAMS 0x00000000fd100000, 0x00000000fd100000| Untracked 
|  18|0x00000000fd200000, 0x00000000fd200000, 0x00000000fd300000|  0%| F|  |TAMS 0x00000000fd200000, 0x00000000fd200000| Untracked 
|  19|0x00000000fd300000, 0x00000000fd300000, 0x00000000fd400000|  0%| F|  |TAMS 0x00000000fd300000, 0x00000000fd300000| Untracked 
|  20|0x00000000fd400000, 0x00000000fd400000, 0x00000000fd500000|  0%| F|  |TAMS 0x00000000fd400000, 0x00000000fd400000| Untracked 
|  21|0x00000000fd500000, 0x00000000fd500000, 0x00000000fd600000|  0%| F|  |TAMS 0x00000000fd500000, 0x00000000fd500000| Untracked 
|  22|0x00000000fd600000, 0x00000000fd600000, 0x00000000fd700000|  0%| F|  |TAMS 0x00000000fd600000, 0x00000000fd600000| Untracked 
|  23|0x00000000fd700000, 0x00000000fd700000, 0x00000000fd800000|  0%| F|  |TAMS 0x00000000fd700000, 0x00000000fd700000| Untracked 
|  24|0x00000000fd800000, 0x00000000fd800000, 0x00000000fd900000|  0%| F|  |TAMS 0x00000000fd800000, 0x00000000fd800000| Untracked 
|  25|0x00000000fd900000, 0x00000000fd900000, 0x00000000fda00000|  0%| F|  |TAMS 0x00000000fd900000, 0x00000000fd900000| Untracked 
|  26|0x00000000fda00000, 0x00000000fda00000, 0x00000000fdb00000|  0%| F|  |TAMS 0x00000000fda00000, 0x00000000fda00000| Untracked 
|  27|0x00000000fdb00000, 0x00000000fdb00000, 0x00000000fdc00000|  0%| F|  |TAMS 0x00000000fdb00000, 0x00000000fdb00000| Untracked 
|  28|0x00000000fdc00000, 0x00000000fdc00000, 0x00000000fdd00000|  0%| F|  |TAMS 0x00000000fdc00000, 0x00000000fdc00000| Untracked 
|  29|0x00000000fdd00000, 0x00000000fdd00000, 0x00000000fde00000|  0%| F|  |TAMS 0x00000000fdd00000, 0x00000000fdd00000| Untracked 
|  30|0x00000000fde00000, 0x00000000fde00000, 0x00000000fdf00000|  0%| F|  |TAMS 0x00000000fde00000, 0x00000000fde00000| Untracked 
|  31|0x00000000fdf00000, 0x00000000fdf00000, 0x00000000fe000000|  0%| F|  |TAMS 0x00000000fdf00000, 0x00000000fdf00000| Untracked 
|  32|0x00000000fe000000, 0x00000000fe000000, 0x00000000fe100000|  0%| F|  |TAMS 0x00000000fe000000, 0x00000000fe000000| Untracked 
|  33|0x00000000fe100000, 0x00000000fe100000, 0x00000000fe200000|  0%| F|  |TAMS 0x00000000fe100000, 0x00000000fe100000| Untracked 
|  34|0x00000000fe200000, 0x00000000fe200000, 0x00000000fe300000|  0%| F|  |TAMS 0x00000000fe200000, 0x00000000fe200000| Untracked 
|  35|0x00000000fe300000, 0x00000000fe300000, 0x00000000fe400000|  0%| F|  |TAMS 0x00000000fe300000, 0x00000000fe300000| Untracked 
|  36|0x00000000fe400000, 0x00000000fe400000, 0x00000000fe500000|  0%| F|  |TAMS 0x00000000fe400000, 0x00000000fe400000| Untracked 
|  37|0x00000000fe500000, 0x00000000fe500000, 0x00000000fe600000|  0%| F|  |TAMS 0x00000000fe500000, 0x00000000fe500000| Untracked 
|  38|0x00000000fe600000, 0x00000000fe600000, 0x00000000fe700000|  0%| F|  |TAMS 0x00000000fe600000, 0x00000000fe600000| Untracked 
|  39|0x00000000fe700000, 0x00000000fe700000, 0x00000000fe800000|  0%| F|  |TAMS 0x00000000fe700000, 0x00000000fe700000| Untracked 
|  40|0x00000000fe800000, 0x00000000fe800000, 0x00000000fe900000|  0%| F|  |TAMS 0x00000000fe800000, 0x00000000fe800000| Untracked 
|  41|0x00000000fe900000, 0x00000000fe900000, 0x00000000fea00000|  0%| F|  |TAMS 0x00000000fe900000, 0x00000000fe900000| Untracked 
|  42|0x00000000fea00000, 0x00000000fea00000, 0x00000000feb00000|  0%| F|  |TAMS 0x00000000fea00000, 0x00000000fea00000| Untracked 
|  43|0x00000000feb00000, 0x00000000feb00000, 0x00000000fec00000|  0%| F|  |TAMS 0x00000000feb00000, 0x00000000feb00000| Untracked 
|  44|0x00000000fec00000, 0x00000000fec00000, 0x00000000fed00000|  0%| F|  |TAMS 0x00000000fec00000, 0x00000000fec00000| Untracked 
|  45|0x00000000fed00000, 0x00000000fed00000, 0x00000000fee00000|  0%| F|  |TAMS 0x00000000fed00000, 0x00000000fed00000| Untracked 
|  46|0x00000000fee00000, 0x00000000fee00000, 0x00000000fef00000|  0%| F|  |TAMS 0x00000000fee00000, 0x00000000fee00000| Untracked 
|  47|0x00000000fef00000, 0x00000000fef00000, 0x00000000ff000000|  0%| F|  |TAMS 0x00000000fef00000, 0x00000000fef00000| Untracked 
|  48|0x00000000ff000000, 0x00000000ff000000, 0x00000000ff100000|  0%| F|  |TAMS 0x00000000ff000000, 0x00000000ff000000| Untracked 
|  49|0x00000000ff100000, 0x00000000ff100000, 0x00000000ff200000|  0%| F|  |TAMS 0x00000000ff100000, 0x00000000ff100000| Untracked 
|  50|0x00000000ff200000, 0x00000000ff200000, 0x00000000ff300000|  0%| F|  |TAMS 0x00000000ff200000, 0x00000000ff200000| Untracked 
|  51|0x00000000ff300000, 0x00000000ff300000, 0x00000000ff400000|  0%| F|  |TAMS 0x00000000ff300000, 0x00000000ff300000| Untracked 
|  52|0x00000000ff400000, 0x00000000ff400000, 0x00000000ff500000|  0%| F|  |TAMS 0x00000000ff400000, 0x00000000ff400000| Untracked 
|  53|0x00000000ff500000, 0x00000000ff500000, 0x00000000ff600000|  0%| F|  |TAMS 0x00000000ff500000, 0x00000000ff500000| Untracked 
|  54|0x00000000ff600000, 0x00000000ff600000, 0x00000000ff700000|  0%| F|  |TAMS 0x00000000ff600000, 0x00000000ff600000| Untracked 
|  55|0x00000000ff700000, 0x00000000ff700000, 0x00000000ff800000|  0%| F|  |TAMS 0x00000000ff700000, 0x00000000ff700000| Untracked 
|  56|0x00000000ff800000, 0x00000000ff800000, 0x00000000ff900000|  0%| F|  |TAMS 0x00000000ff800000, 0x00000000ff800000| Untracked 
|  57|0x00000000ff900000, 0x00000000ff900000, 0x00000000ffa00000|  0%| F|  |TAMS 0x00000000ff900000, 0x00000000ff900000| Untracked 
|  58|0x00000000ffa00000, 0x00000000ffa00000, 0x00000000ffb00000|  0%| F|  |TAMS 0x00000000ffa00000, 0x00000000ffa00000| Untracked 
|  59|0x00000000ffb00000, 0x00000000ffb00000, 0x00000000ffc00000|  0%| F|  |TAMS 0x00000000ffb00000, 0x00000000ffb00000| Untracked 
|  60|0x00000000ffc00000, 0x00000000ffc00000, 0x00000000ffd00000|  0%| F|  |TAMS 0x00000000ffc00000, 0x00000000ffc00000| Untracked 
|  61|0x00000000ffd00000, 0x00000000ffd00000, 0x00000000ffe00000|  0%| F|  |TAMS 0x00000000ffd00000, 0x00000000ffd00000| Untracked 
|  62|0x00000000ffe00000, 0x00000000ffe85a18, 0x00000000fff00000| 52%| E|  |TAMS 0x00000000ffe00000, 0x00000000ffe00000| Complete 
|  63|0x00000000fff00000, 0x0000000100000000, 0x0000000100000000|100%| E|CS|TAMS 0x00000000fff00000, 0x00000000fff00000| Complete 

Card table byte_map: [0x0000022874b10000,0x0000022874b30000] _byte_map_base: 0x0000022874330000

Marking Bits (Prev, Next): (CMBitMap*) 0x00000228769d2ac0, (CMBitMap*) 0x00000228769d2b00
 Prev Bits: [0x00000228767a0000, 0x00000228768a0000)
 Next Bits: [0x000002287e4e0000, 0x000002287e5e0000)

Polling page: 0x0000022874820000

Metaspace:

Usage:
  Non-class:      4.88 MB used.
      Class:    444.36 KB used.
       Both:      5.32 MB used.

Virtual space:
  Non-class space:       64.00 MB reserved,       4.94 MB (  8%) committed,  1 nodes.
      Class space:        1.00 GB reserved,     512.00 KB ( <1%) committed,  1 nodes.
             Both:        1.06 GB reserved,       5.44 MB ( <1%) committed. 

Chunk freelists:
   Non-Class:  10.97 MB
       Class:  15.55 MB
        Both:  26.52 MB

MaxMetaspaceSize: unlimited
CompressedClassSpaceSize: 1.00 GB
Initial GC threshold: 21.00 MB
Current GC threshold: 21.00 MB
CDS: off
MetaspaceReclaimPolicy: balanced
 - commit_granule_bytes: 65536.
 - commit_granule_words: 8192.
 - virtual_space_node_default_size: 8388608.
 - enlarge_chunks_in_place: 1.
 - new_chunks_are_fully_committed: 0.
 - uncommit_free_chunks: 1.
 - use_allocation_guard: 0.
 - handle_deallocations: 1.


Internal statistics:

num_allocs_failed_limit: 0.
num_arena_births: 4.
num_arena_deaths: 0.
num_vsnodes_births: 2.
num_vsnodes_deaths: 0.
num_space_committed: 87.
num_space_uncommitted: 0.
num_chunks_returned_to_freelist: 0.
num_chunks_taken_from_freelist: 12.
num_chunk_merges: 0.
num_chunk_splits: 6.
num_chunks_enlarged: 4.
num_inconsistent_stats: 0.

CodeHeap 'non-profiled nmethods': size=120000Kb used=18Kb max_used=18Kb free=119981Kb
 bounds [0x0000022807ad0000, 0x0000022807d40000, 0x000002280f000000]
CodeHeap 'profiled nmethods': size=120000Kb used=116Kb max_used=116Kb free=119884Kb
 bounds [0x0000022800000000, 0x0000022800270000, 0x0000022807530000]
CodeHeap 'non-nmethods': size=5760Kb used=1088Kb max_used=1088Kb free=4671Kb
 bounds [0x0000022807530000, 0x00000228077a0000, 0x0000022807ad0000]
 total_blobs=453 nmethods=91 adapters=275
 compilation: enabled
              stopped_count=0, restarted_count=0
 full_count=0

Compilation events (20 events):
Event: 3.631 Thread 0x00000228111b7830   77       3       java.lang.String::indexOf (7 bytes)
Event: 3.631 Thread 0x00000228111b7830 nmethod 77 0x0000022800019910 code [0x0000022800019ae0, 0x0000022800019df8]
Event: 3.631 Thread 0x00000228111b7830   78       3       java.lang.String::<init> (15 bytes)
Event: 3.631 Thread 0x00000228111b7830 nmethod 78 0x0000022800019f10 code [0x000002280001a0a0, 0x000002280001a258]
Event: 3.702 Thread 0x00000228111b7830   79       3       java.lang.StringBuilder::append (8 bytes)
Event: 3.702 Thread 0x00000228111b7830 nmethod 79 0x000002280001a310 code [0x000002280001a4a0, 0x000002280001a5e8]
Event: 3.702 Thread 0x00000228111b7830   80       3       java.lang.AbstractStringBuilder::append (77 bytes)
Event: 3.703 Thread 0x00000228111b7830 nmethod 80 0x000002280001a690 code [0x000002280001a8a0, 0x000002280001af28]
Event: 3.867 Thread 0x00000228111b7830   83       1       java.lang.Class::getClassLoader0 (5 bytes)
Event: 3.867 Thread 0x00000228111b7830 nmethod 83 0x0000022807ad3b90 code [0x0000022807ad3d20, 0x0000022807ad3df8]
Event: 3.868 Thread 0x00000228111b7830   87       1       java.lang.Enum::ordinal (5 bytes)
Event: 3.868 Thread 0x00000228111b7830 nmethod 87 0x0000022807ad4890 code [0x0000022807ad4a20, 0x0000022807ad4af8]
Event: 4.004 Thread 0x00000228111b7830   88       3       java.lang.AbstractStringBuilder::getCoder (15 bytes)
Event: 4.004 Thread 0x00000228111b7830 nmethod 88 0x000002280001b190 code [0x000002280001b320, 0x000002280001b458]
Event: 4.004 Thread 0x00000228111b7830   89       3       java.util.Arrays::copyOfRange (64 bytes)
Event: 4.005 Thread 0x00000228111b7830 nmethod 89 0x000002280001b510 code [0x000002280001b780, 0x000002280001c078]
Event: 4.083 Thread 0x00000228111b7830   90       3       java.lang.AbstractStringBuilder::putStringAt (12 bytes)
Event: 4.083 Thread 0x00000228111b7830 nmethod 90 0x000002280001c410 code [0x000002280001c5c0, 0x000002280001c808]
Event: 4.083 Thread 0x00000228111b7830   91       3       java.lang.AbstractStringBuilder::putStringAt (34 bytes)
Event: 4.083 Thread 0x00000228111b7830 nmethod 91 0x000002280001c990 code [0x000002280001cb60, 0x000002280001ce78]

GC Heap History (0 events):
No events

Dll operation events (5 events):
Event: 0.013 Loaded shared library C:\Program Files\Microsoft\jdk-17.0.11.9-hotspot\bin\java.dll
Event: 0.990 Loaded shared library C:\Program Files\Microsoft\jdk-17.0.11.9-hotspot\bin\jsvml.dll
Event: 3.330 Loaded shared library C:\Program Files\Microsoft\jdk-17.0.11.9-hotspot\bin\net.dll
Event: 3.332 Loaded shared library C:\Program Files\Microsoft\jdk-17.0.11.9-hotspot\bin\nio.dll
Event: 3.537 Loaded shared library C:\Program Files\Microsoft\jdk-17.0.11.9-hotspot\bin\zip.dll

Deoptimization events (0 events):
No events

Classes unloaded (0 events):
No events

Classes redefined (0 events):
No events

Internal exceptions (0 events):
No events

VM Operations (4 events):
Event: 3.004 Executing VM operation: Cleanup
Event: 3.034 Executing VM operation: Cleanup done
Event: 3.550 Executing VM operation: HandshakeAllThreads
Event: 3.550 Executing VM operation: HandshakeAllThreads done

Events (20 events):
Event: 4.164 loading class jdk/internal/org/objectweb/asm/MethodWriter done
Event: 4.165 loading class jdk/internal/org/objectweb/asm/Label
Event: 4.201 loading class jdk/internal/org/objectweb/asm/Label done
Event: 4.201 loading class java/lang/invoke/InnerClassLambdaMetafactory$ForwardingMethodGenerator
Event: 4.228 loading class java/lang/invoke/TypeConvertingMethodAdapter
Event: 4.228 loading class java/lang/invoke/TypeConvertingMethodAdapter done
Event: 4.228 loading class java/lang/invoke/InnerClassLambdaMetafactory$ForwardingMethodGenerator done
Event: 4.228 loading class jdk/internal/org/objectweb/asm/Attribute
Event: 4.256 loading class jdk/internal/org/objectweb/asm/Attribute done
Event: 4.256 loading class jdk/internal/org/objectweb/asm/AnnotationWriter
Event: 4.273 loading class jdk/internal/org/objectweb/asm/AnnotationVisitor
Event: 4.273 loading class jdk/internal/org/objectweb/asm/AnnotationVisitor done
Event: 4.273 loading class jdk/internal/org/objectweb/asm/AnnotationWriter done
Event: 4.273 loading class jdk/internal/org/objectweb/asm/Handler
Event: 4.274 loading class jdk/internal/org/objectweb/asm/Handler done
Event: 4.274 loading class java/lang/invoke/MethodHandles$Lookup$ClassOption
Event: 4.292 loading class java/lang/invoke/MethodHandles$Lookup$ClassOption done
Event: 4.293 loading class java/lang/invoke/MethodHandles$Lookup$ClassFile
Event: 4.293 loading class java/lang/invoke/MethodHandles$Lookup$ClassFile done
Event: 4.293 loading class jdk/internal/org/objectweb/asm/ClassReader


Dynamic libraries:
0x00007ff65c1e0000 - 0x00007ff65c1ee000 	C:\Program Files\Microsoft\jdk-17.0.11.9-hotspot\bin\java.exe
0x00007ffe380b0000 - 0x00007ffe382a8000 	C:\WINDOWS\SYSTEM32\ntdll.dll
0x00007ffe37c40000 - 0x00007ffe37cfd000 	C:\WINDOWS\System32\KERNEL32.DLL
0x00007ffe35c60000 - 0x00007ffe35f56000 	C:\WINDOWS\System32\KERNELBASE.dll
0x00007ffe35ff0000 - 0x00007ffe360f0000 	C:\WINDOWS\System32\ucrtbase.dll
0x00007ffe2a720000 - 0x00007ffe2a737000 	C:\Program Files\Microsoft\jdk-17.0.11.9-hotspot\bin\jli.dll
0x00007ffe32ac0000 - 0x00007ffe32adb000 	C:\Program Files\Microsoft\jdk-17.0.11.9-hotspot\bin\VCRUNTIME140.dll
0x00007ffe36120000 - 0x00007ffe362bf000 	C:\WINDOWS\System32\USER32.dll
0x00007ffe357c0000 - 0x00007ffe357e2000 	C:\WINDOWS\System32\win32u.dll
0x00007ffe28830000 - 0x00007ffe28aca000 	C:\WINDOWS\WinSxS\amd64_microsoft.windows.common-controls_6595b64144ccf1df_6.0.19041.4355_none_60b8b9eb71f62e16\COMCTL32.dll
0x00007ffe360f0000 - 0x00007ffe3611b000 	C:\WINDOWS\System32\GDI32.dll
0x00007ffe36be0000 - 0x00007ffe36c7e000 	C:\WINDOWS\System32\msvcrt.dll
0x00007ffe35a90000 - 0x00007ffe35ba7000 	C:\WINDOWS\System32\gdi32full.dll
0x00007ffe357f0000 - 0x00007ffe3588d000 	C:\WINDOWS\System32\msvcp_win.dll
0x00007ffe37fa0000 - 0x00007ffe37fcf000 	C:\WINDOWS\System32\IMM32.DLL
0x00007ffe32ab0000 - 0x00007ffe32abc000 	C:\Program Files\Microsoft\jdk-17.0.11.9-hotspot\bin\vcruntime140_1.dll
0x00007ffe11600000 - 0x00007ffe1168d000 	C:\Program Files\Microsoft\jdk-17.0.11.9-hotspot\bin\msvcp140.dll
0x00007ffe0b620000 - 0x00007ffe0c286000 	C:\Program Files\Microsoft\jdk-17.0.11.9-hotspot\bin\server\jvm.dll
0x00007ffe36c90000 - 0x00007ffe36d40000 	C:\WINDOWS\System32\ADVAPI32.dll
0x00007ffe37fd0000 - 0x00007ffe38070000 	C:\WINDOWS\System32\sechost.dll
0x00007ffe362c0000 - 0x00007ffe363e3000 	C:\WINDOWS\System32\RPCRT4.dll
0x00007ffe35a60000 - 0x00007ffe35a87000 	C:\WINDOWS\System32\bcrypt.dll
0x00007ffe355c0000 - 0x00007ffe3560b000 	C:\WINDOWS\SYSTEM32\POWRPROF.dll
0x00007ffe28630000 - 0x00007ffe28657000 	C:\WINDOWS\SYSTEM32\WINMM.dll
0x00007ffe32b40000 - 0x00007ffe32b49000 	C:\WINDOWS\SYSTEM32\WSOCK32.dll
0x00007ffe2c3c0000 - 0x00007ffe2c3ca000 	C:\WINDOWS\SYSTEM32\VERSION.dll
0x00007ffe36e60000 - 0x00007ffe36ecb000 	C:\WINDOWS\System32\WS2_32.dll
0x00007ffe355a0000 - 0x00007ffe355b2000 	C:\WINDOWS\SYSTEM32\UMPDC.dll
0x00007ffe33530000 - 0x00007ffe33542000 	C:\WINDOWS\SYSTEM32\kernel.appcore.dll
0x00007ffe32a90000 - 0x00007ffe32a9a000 	C:\Program Files\Microsoft\jdk-17.0.11.9-hotspot\bin\jimage.dll
0x00007ffe26250000 - 0x00007ffe26434000 	C:\WINDOWS\SYSTEM32\DBGHELP.DLL
0x00007ffe26210000 - 0x00007ffe26244000 	C:\WINDOWS\SYSTEM32\dbgcore.DLL
0x00007ffe35f60000 - 0x00007ffe35fe2000 	C:\WINDOWS\System32\bcryptPrimitives.dll
0x00007ffe1be10000 - 0x00007ffe1be35000 	C:\Program Files\Microsoft\jdk-17.0.11.9-hotspot\bin\java.dll
0x00007ffe10160000 - 0x00007ffe10237000 	C:\Program Files\Microsoft\jdk-17.0.11.9-hotspot\bin\jsvml.dll
0x00007ffe371b0000 - 0x00007ffe3791c000 	C:\WINDOWS\System32\SHELL32.dll
0x00007ffe33810000 - 0x00007ffe33fad000 	C:\WINDOWS\SYSTEM32\windows.storage.dll
0x00007ffe363f0000 - 0x00007ffe36743000 	C:\WINDOWS\System32\combase.dll
0x00007ffe350c0000 - 0x00007ffe350ee000 	C:\WINDOWS\SYSTEM32\Wldp.dll
0x00007ffe37e40000 - 0x00007ffe37f0d000 	C:\WINDOWS\System32\OLEAUT32.dll
0x00007ffe379d0000 - 0x00007ffe37a7d000 	C:\WINDOWS\System32\SHCORE.dll
0x00007ffe36da0000 - 0x00007ffe36df5000 	C:\WINDOWS\System32\shlwapi.dll
0x00007ffe356a0000 - 0x00007ffe356c4000 	C:\WINDOWS\SYSTEM32\profapi.dll
0x00007ffe27060000 - 0x00007ffe27079000 	C:\Program Files\Microsoft\jdk-17.0.11.9-hotspot\bin\net.dll
0x00007ffe2f9a0000 - 0x00007ffe2faaa000 	C:\WINDOWS\SYSTEM32\WINHTTP.dll
0x00007ffe34e20000 - 0x00007ffe34e8a000 	C:\WINDOWS\system32\mswsock.dll
0x00007ffe1b460000 - 0x00007ffe1b476000 	C:\Program Files\Microsoft\jdk-17.0.11.9-hotspot\bin\nio.dll
0x00007ffe134e0000 - 0x00007ffe134f8000 	C:\Program Files\Microsoft\jdk-17.0.11.9-hotspot\bin\zip.dll

dbghelp: loaded successfully - version: 4.0.5 - missing functions: none
symbol engine: initialized successfully - sym options: 0x614 - pdb path: .;C:\Program Files\Microsoft\jdk-17.0.11.9-hotspot\bin;C:\WINDOWS\SYSTEM32;C:\WINDOWS\WinSxS\amd64_microsoft.windows.common-controls_6595b64144ccf1df_6.0.19041.4355_none_60b8b9eb71f62e16;C:\Program Files\Microsoft\jdk-17.0.11.9-hotspot\bin\server

VM Arguments:
jvm_args: -Xmx64m -Xms64m -Dorg.gradle.appname=gradlew 
java_command: org.gradle.wrapper.GradleWrapperMain app:installDebug -PreactNativeDevServerPort=8081
java_class_path (initial): E:\servicei\myapp\android\\gradle\wrapper\gradle-wrapper.jar
Launcher Type: SUN_STANDARD

[Global flags]
     intx CICompilerCount                          = 3                                         {product} {ergonomic}
     uint ConcGCThreads                            = 1                                         {product} {ergonomic}
     uint G1ConcRefinementThreads                  = 4                                         {product} {ergonomic}
   size_t G1HeapRegionSize                         = 1048576                                   {product} {ergonomic}
    uintx GCDrainStackTargetSize                   = 64                                        {product} {ergonomic}
   size_t InitialHeapSize                          = 67108864                                  {product} {command line}
   size_t MarkStackSize                            = 4194304                                   {product} {ergonomic}
   size_t MaxHeapSize                              = 67108864                                  {product} {command line}
   size_t MaxNewSize                               = 39845888                                  {product} {ergonomic}
   size_t MinHeapDeltaBytes                        = 1048576                                   {product} {ergonomic}
   size_t MinHeapSize                              = 67108864                                  {product} {command line}
    uintx NonNMethodCodeHeapSize                   = 5832780                                {pd product} {ergonomic}
    uintx NonProfiledCodeHeapSize                  = 122912730                              {pd product} {ergonomic}
    uintx ProfiledCodeHeapSize                     = 122912730                              {pd product} {ergonomic}
    uintx ReservedCodeCacheSize                    = 251658240                              {pd product} {ergonomic}
     bool SegmentedCodeCache                       = true                                      {product} {ergonomic}
   size_t SoftMaxHeapSize                          = 67108864                               {manageable} {ergonomic}
     bool UseCompressedClassPointers               = true                           {product lp64_product} {ergonomic}
     bool UseCompressedOops                        = true                           {product lp64_product} {ergonomic}
     bool UseG1GC                                  = true                                      {product} {ergonomic}
     bool UseLargePagesIndividualAllocation        = false                                  {pd product} {ergonomic}

Logging:
Log output configuration:
 #0: stdout all=warning uptime,level,tags
 #1: stderr all=off uptime,level,tags

Environment Variables:
JAVA_HOME=C:\Program Files\Microsoft\jdk-17.0.11.9-hotspot\
CLASSPATH=E:\servicei\myapp\android\\gradle\wrapper\gradle-wrapper.jar
PATH=E:\servicei\myapp\node_modules\.bin;E:\servicei\node_modules\.bin;E:\node_modules\.bin;C:\Users\ADMIN\AppData\Roaming\nvm\v22.3.0\node_modules\npm\node_modules\@npmcli\run-script\lib\node-gyp-bin;C:\Program Files\Microsoft\jdk-17.0.11.9-hotspot\bin;C:\Program Files\Common Files\Oracle\Java\javapath;C:\WINDOWS\system32;C:\WINDOWS;C:\WINDOWS\System32\Wbem;C:\WINDOWS\System32\WindowsPowerShell\v1.0\;C:\WINDOWS\System32\OpenSSH\;C:\ProgramData\chocolatey\bin;C:\xampp\php;C:\Users\ADMIN\AppData\Roaming\nvm;C:\Program Files\nodejs;C:\Users\ADMIN\AppData\Local\Android\Sdk\emulator;C:\Users\ADMIN\AppData\Local\Android\Sdk\platform-tools;C:\Program Files\Git\cmd;C:\Users\ADMIN\AppData\Local\Android\Sdk\tools;C:\Users\ADMIN\AppData\Local\Android\Sdk\tools;C:\Users\ADMIN\AppData\Local\Android\Sdk\tools;C:\Users\ADMIN\AppData\Local\Microsoft\WindowsApps;C:\Users\ADMIN\AppData\Local\GitHubDesktop\bin;C:\Users\ADMIN\AppData\Roaming\npm;C:\Program Files\Azure Data Studio\bin;C:\Users\ADMIN\AppData\Local\Programs\Microsoft VS Code\bin
USERNAME=ADMIN
LANG=en_US.UTF-8
OS=Windows_NT
PROCESSOR_IDENTIFIER=Intel64 Family 6 Model 58 Stepping 9, GenuineIntel
TMP=C:\Users\ADMIN\AppData\Local\Temp
TEMP=C:\Users\ADMIN\AppData\Local\Temp



Periodic native trim disabled


---------------  S Y S T E M  ---------------

OS:
 Windows 10 , 64 bit Build 19041 (10.0.19041.3636)
OS uptime: 0 days 5:49 hours

CPU: total 4 (initial active 4) (4 cores per cpu, 1 threads per core) family 6 model 58 stepping 9 microcode 0x21, cx8, cmov, fxsr, mmx, sse, sse2, sse3, ssse3, sse4.1, sse4.2, popcnt, tsc, tscinvbit, avx, aes, erms, clmul, vzeroupper, clflush
Processor Information for all 4 processors :
  Max Mhz: 3201, Current Mhz: 3201, Mhz Limit: 3201

Memory: 4k page, system-wide physical 7631M (740M free)
TotalPageFile size 11727M (AvailPageFile size 30M)
current process WorkingSet (physical memory assigned to process): 28M, peak: 28M
current process commit charge ("private bytes"): 128M, peak: 129M

vm_info: OpenJDK 64-Bit Server VM (17.0.11+9-LTS) for windows-amd64 JRE (17.0.11+9-LTS), built on Apr  9 2024 22:05:54 by "MicrosoftCorporation" with MS VC++ 16.10 / 16.11 (VS2019)

END.
